{"/home/alazar/Socialbook/backend/src/app.service.ts": {"path":"/home/alazar/Socialbook/backend/src/app.service.ts","statementMap":{"0":{"start":{"line":1,"column":0},"end":{"line":1,"column":44}},"1":{"start":{"line":3,"column":0},"end":{"line":3,"column":74}},"2":{"start":{"line":4,"column":0},"end":{"line":4,"column":53}},"3":{"start":{"line":5,"column":0},"end":{"line":5,"column":62}},"4":{"start":{"line":28,"column":7},"end":{"line":303,"column":null}},"5":{"start":{"line":30,"column":21},"end":{"line":30,"column":37}},"6":{"start":{"line":31,"column":21},"end":{"line":31,"column":35}},"7":{"start":{"line":32,"column":21},"end":{"line":32,"column":38}},"8":{"start":{"line":35,"column":19},"end":{"line":35,"column":89}},"9":{"start":{"line":36,"column":19},"end":{"line":36,"column":94}},"10":{"start":{"line":37,"column":19},"end":{"line":38,"column":72}},"11":{"start":{"line":40,"column":10},"end":{"line":57,"column":4}},"12":{"start":{"line":59,"column":10},"end":{"line":65,"column":4}},"13":{"start":{"line":67,"column":10},"end":{"line":74,"column":4}},"14":{"start":{"line":77,"column":20},"end":{"line":77,"column":55}},"15":{"start":{"line":78,"column":23},"end":{"line":78,"column":71}},"16":{"start":{"line":78,"column":47},"end":{"line":78,"column":70}},"17":{"start":{"line":79,"column":4},"end":{"line":79,"column":73}},"18":{"start":{"line":83,"column":4},"end":{"line":83,"column":33}},"19":{"start":{"line":87,"column":4},"end":{"line":87,"column":67}},"20":{"start":{"line":91,"column":20},"end":{"line":91,"column":55}},"21":{"start":{"line":92,"column":4},"end":{"line":92,"column":73}},"22":{"start":{"line":92,"column":46},"end":{"line":92,"column":69}},"23":{"start":{"line":96,"column":20},"end":{"line":96,"column":62}},"24":{"start":{"line":97,"column":22},"end":{"line":99,"column":22}},"25":{"start":{"line":98,"column":24},"end":{"line":98,"column":56}},"26":{"start":{"line":100,"column":21},"end":{"line":100,"column":74}},"27":{"start":{"line":101,"column":27},"end":{"line":101,"column":61}},"28":{"start":{"line":102,"column":4},"end":{"line":111,"column":6}},"29":{"start":{"line":105,"column":20},"end":{"line":105,"column":52}},"30":{"start":{"line":106,"column":8},"end":{"line":109,"column":10}},"31":{"start":{"line":119,"column":20},"end":{"line":123,"column":6}},"32":{"start":{"line":125,"column":4},"end":{"line":129,"column":5}},"33":{"start":{"line":126,"column":6},"end":{"line":126,"column":77}},"34":{"start":{"line":128,"column":6},"end":{"line":128,"column":52}},"35":{"start":{"line":131,"column":4},"end":{"line":131,"column":36}},"36":{"start":{"line":135,"column":19},"end":{"line":135,"column":63}},"37":{"start":{"line":136,"column":4},"end":{"line":138,"column":5}},"38":{"start":{"line":137,"column":6},"end":{"line":137,"column":18}},"39":{"start":{"line":139,"column":20},"end":{"line":139,"column":82}},"40":{"start":{"line":140,"column":4},"end":{"line":150,"column":5}},"41":{"start":{"line":141,"column":6},"end":{"line":147,"column":9}},"42":{"start":{"line":149,"column":6},"end":{"line":149,"column":60}},"43":{"start":{"line":151,"column":4},"end":{"line":151,"column":45}},"44":{"start":{"line":160,"column":19},"end":{"line":160,"column":71}},"45":{"start":{"line":161,"column":4},"end":{"line":163,"column":5}},"46":{"start":{"line":162,"column":6},"end":{"line":162,"column":18}},"47":{"start":{"line":164,"column":20},"end":{"line":169,"column":6}},"48":{"start":{"line":170,"column":4},"end":{"line":181,"column":5}},"49":{"start":{"line":171,"column":6},"end":{"line":178,"column":9}},"50":{"start":{"line":180,"column":6},"end":{"line":180,"column":60}},"51":{"start":{"line":182,"column":4},"end":{"line":182,"column":19}},"52":{"start":{"line":186,"column":20},"end":{"line":186,"column":61}},"53":{"start":{"line":188,"column":4},"end":{"line":191,"column":5}},"54":{"start":{"line":189,"column":6},"end":{"line":189,"column":55}},"55":{"start":{"line":190,"column":6},"end":{"line":190,"column":67}},"56":{"start":{"line":193,"column":4},"end":{"line":197,"column":5}},"57":{"start":{"line":194,"column":6},"end":{"line":194,"column":77}},"58":{"start":{"line":196,"column":6},"end":{"line":196,"column":52}},"59":{"start":{"line":199,"column":4},"end":{"line":199,"column":36}},"60":{"start":{"line":203,"column":46},"end":{"line":203,"column":91}},"61":{"start":{"line":204,"column":4},"end":{"line":206,"column":6}},"62":{"start":{"line":205,"column":17},"end":{"line":205,"column":97}},"63":{"start":{"line":210,"column":4},"end":{"line":210,"column":82}},"64":{"start":{"line":214,"column":19},"end":{"line":223,"column":6}},"65":{"start":{"line":215,"column":19},"end":{"line":215,"column":60}},"66":{"start":{"line":216,"column":20},"end":{"line":216,"column":49}},"67":{"start":{"line":218,"column":6},"end":{"line":222,"column":8}},"68":{"start":{"line":225,"column":4},"end":{"line":225,"column":68}},"69":{"start":{"line":225,"column":33},"end":{"line":225,"column":50}},"70":{"start":{"line":229,"column":4},"end":{"line":231,"column":5}},"71":{"start":{"line":230,"column":6},"end":{"line":230,"column":58}},"72":{"start":{"line":232,"column":4},"end":{"line":232,"column":46}},"73":{"start":{"line":236,"column":4},"end":{"line":247,"column":6}},"74":{"start":{"line":251,"column":4},"end":{"line":261,"column":6}},"75":{"start":{"line":265,"column":44},"end":{"line":265,"column":46}},"76":{"start":{"line":266,"column":38},"end":{"line":266,"column":40}},"77":{"start":{"line":267,"column":4},"end":{"line":278,"column":7}},"78":{"start":{"line":268,"column":17},"end":{"line":268,"column":48}},"79":{"start":{"line":269,"column":6},"end":{"line":277,"column":8}},"80":{"start":{"line":279,"column":4},"end":{"line":288,"column":7}},"81":{"start":{"line":280,"column":6},"end":{"line":287,"column":7}},"82":{"start":{"line":281,"column":8},"end":{"line":281,"column":60}},"83":{"start":{"line":283,"column":8},"end":{"line":285,"column":9}},"84":{"start":{"line":284,"column":10},"end":{"line":284,"column":42}},"85":{"start":{"line":286,"column":8},"end":{"line":286,"column":49}},"86":{"start":{"line":289,"column":4},"end":{"line":289,"column":20}},"87":{"start":{"line":293,"column":4},"end":{"line":293,"column":48}},"88":{"start":{"line":293,"column":35},"end":{"line":293,"column":48}},"89":{"start":{"line":294,"column":4},"end":{"line":294,"column":58}},"90":{"start":{"line":294,"column":31},"end":{"line":294,"column":58}},"91":{"start":{"line":295,"column":4},"end":{"line":295,"column":36}},"92":{"start":{"line":299,"column":19},"end":{"line":299,"column":32}},"93":{"start":{"line":300,"column":4},"end":{"line":300,"column":69}},"94":{"start":{"line":28,"column":13},"end":{"line":28,"column":23}},"95":{"start":{"line":28,"column":13},"end":{"line":303,"column":null}}},"fnMap":{"0":{"name":"(anonymous_2)","decl":{"start":{"line":29,"column":2},"end":{"line":29,"column":null}},"loc":{"start":{"line":32,"column":53},"end":{"line":33,"column":6}}},"1":{"name":"(anonymous_3)","decl":{"start":{"line":76,"column":2},"end":{"line":76,"column":7}},"loc":{"start":{"line":76,"column":15},"end":{"line":80,"column":3}}},"2":{"name":"(anonymous_4)","decl":{"start":{"line":78,"column":35},"end":{"line":78,"column":36}},"loc":{"start":{"line":78,"column":47},"end":{"line":78,"column":70}}},"3":{"name":"(anonymous_5)","decl":{"start":{"line":82,"column":2},"end":{"line":82,"column":10}},"loc":{"start":{"line":82,"column":10},"end":{"line":84,"column":3}}},"4":{"name":"(anonymous_6)","decl":{"start":{"line":86,"column":2},"end":{"line":86,"column":20}},"loc":{"start":{"line":86,"column":20},"end":{"line":88,"column":3}}},"5":{"name":"(anonymous_7)","decl":{"start":{"line":90,"column":2},"end":{"line":90,"column":7}},"loc":{"start":{"line":90,"column":18},"end":{"line":93,"column":3}}},"6":{"name":"(anonymous_8)","decl":{"start":{"line":92,"column":34},"end":{"line":92,"column":35}},"loc":{"start":{"line":92,"column":46},"end":{"line":92,"column":69}}},"7":{"name":"(anonymous_9)","decl":{"start":{"line":95,"column":2},"end":{"line":95,"column":7}},"loc":{"start":{"line":95,"column":35},"end":{"line":112,"column":3}}},"8":{"name":"(anonymous_10)","decl":{"start":{"line":98,"column":11},"end":{"line":98,"column":12}},"loc":{"start":{"line":98,"column":24},"end":{"line":98,"column":56}}},"9":{"name":"(anonymous_11)","decl":{"start":{"line":104,"column":27},"end":{"line":104,"column":28}},"loc":{"start":{"line":104,"column":38},"end":{"line":110,"column":7}}},"10":{"name":"(anonymous_12)","decl":{"start":{"line":114,"column":2},"end":{"line":114,"column":7}},"loc":{"start":{"line":117,"column":49},"end":{"line":132,"column":3}}},"11":{"name":"(anonymous_13)","decl":{"start":{"line":134,"column":2},"end":{"line":134,"column":7}},"loc":{"start":{"line":134,"column":72},"end":{"line":152,"column":3}}},"12":{"name":"(anonymous_14)","decl":{"start":{"line":154,"column":2},"end":{"line":154,"column":7}},"loc":{"start":{"line":158,"column":19},"end":{"line":183,"column":3}}},"13":{"name":"(anonymous_15)","decl":{"start":{"line":185,"column":2},"end":{"line":185,"column":7}},"loc":{"start":{"line":185,"column":40},"end":{"line":200,"column":3}}},"14":{"name":"(anonymous_16)","decl":{"start":{"line":202,"column":2},"end":{"line":202,"column":25}},"loc":{"start":{"line":202,"column":48},"end":{"line":207,"column":3}}},"15":{"name":"(anonymous_17)","decl":{"start":{"line":205,"column":6},"end":{"line":205,"column":7}},"loc":{"start":{"line":205,"column":17},"end":{"line":205,"column":97}}},"16":{"name":"(anonymous_18)","decl":{"start":{"line":209,"column":2},"end":{"line":209,"column":8}},"loc":{"start":{"line":209,"column":8},"end":{"line":211,"column":3}}},"17":{"name":"(anonymous_19)","decl":{"start":{"line":213,"column":10},"end":{"line":213,"column":37}},"loc":{"start":{"line":213,"column":47},"end":{"line":226,"column":3}}},"18":{"name":"(anonymous_20)","decl":{"start":{"line":214,"column":36},"end":{"line":214,"column":37}},"loc":{"start":{"line":214,"column":45},"end":{"line":223,"column":5}}},"19":{"name":"(anonymous_21)","decl":{"start":{"line":225,"column":23},"end":{"line":225,"column":24}},"loc":{"start":{"line":225,"column":33},"end":{"line":225,"column":50}}},"20":{"name":"(anonymous_22)","decl":{"start":{"line":228,"column":10},"end":{"line":228,"column":19}},"loc":{"start":{"line":228,"column":33},"end":{"line":233,"column":3}}},"21":{"name":"(anonymous_23)","decl":{"start":{"line":235,"column":10},"end":{"line":235,"column":20}},"loc":{"start":{"line":235,"column":35},"end":{"line":248,"column":3}}},"22":{"name":"(anonymous_24)","decl":{"start":{"line":250,"column":10},"end":{"line":250,"column":20}},"loc":{"start":{"line":250,"column":35},"end":{"line":262,"column":3}}},"23":{"name":"(anonymous_25)","decl":{"start":{"line":264,"column":10},"end":{"line":264,"column":29}},"loc":{"start":{"line":264,"column":45},"end":{"line":290,"column":3}}},"24":{"name":"(anonymous_26)","decl":{"start":{"line":267,"column":21},"end":{"line":267,"column":22}},"loc":{"start":{"line":267,"column":33},"end":{"line":278,"column":5}}},"25":{"name":"(anonymous_27)","decl":{"start":{"line":279,"column":32},"end":{"line":279,"column":33}},"loc":{"start":{"line":279,"column":49},"end":{"line":288,"column":5}}},"26":{"name":"(anonymous_28)","decl":{"start":{"line":292,"column":10},"end":{"line":292,"column":25}},"loc":{"start":{"line":292,"column":40},"end":{"line":296,"column":3}}},"27":{"name":"(anonymous_29)","decl":{"start":{"line":298,"column":10},"end":{"line":298,"column":23}},"loc":{"start":{"line":298,"column":67},"end":{"line":301,"column":3}}}},"branchMap":{"0":{"loc":{"start":{"line":38,"column":4},"end":{"line":38,"column":71}},"type":"binary-expr","locations":[{"start":{"line":38,"column":4},"end":{"line":38,"column":33}},{"start":{"line":38,"column":37},"end":{"line":38,"column":58}},{"start":{"line":38,"column":62},"end":{"line":38,"column":71}}]},"1":{"loc":{"start":{"line":108,"column":20},"end":{"line":108,"column":44}},"type":"binary-expr","locations":[{"start":{"line":108,"column":20},"end":{"line":108,"column":38}},{"start":{"line":108,"column":42},"end":{"line":108,"column":44}}]},"2":{"loc":{"start":{"line":136,"column":4},"end":{"line":138,"column":5}},"type":"if","locations":[{"start":{"line":136,"column":4},"end":{"line":138,"column":5}}]},"3":{"loc":{"start":{"line":161,"column":4},"end":{"line":163,"column":5}},"type":"if","locations":[{"start":{"line":161,"column":4},"end":{"line":163,"column":5}}]},"4":{"loc":{"start":{"line":188,"column":4},"end":{"line":191,"column":5}},"type":"if","locations":[{"start":{"line":188,"column":4},"end":{"line":191,"column":5}}]},"5":{"loc":{"start":{"line":205,"column":17},"end":{"line":205,"column":97}},"type":"binary-expr","locations":[{"start":{"line":205,"column":17},"end":{"line":205,"column":45}},{"start":{"line":205,"column":49},"end":{"line":205,"column":72}},{"start":{"line":205,"column":76},"end":{"line":205,"column":97}}]},"6":{"loc":{"start":{"line":213,"column":38},"end":{"line":213,"column":47}},"type":"default-arg","locations":[{"start":{"line":213,"column":46},"end":{"line":213,"column":47}}]},"7":{"loc":{"start":{"line":215,"column":19},"end":{"line":215,"column":60}},"type":"binary-expr","locations":[{"start":{"line":215,"column":19},"end":{"line":215,"column":53}},{"start":{"line":215,"column":57},"end":{"line":215,"column":60}}]},"8":{"loc":{"start":{"line":229,"column":4},"end":{"line":231,"column":5}},"type":"if","locations":[{"start":{"line":229,"column":4},"end":{"line":231,"column":5}}]},"9":{"loc":{"start":{"line":237,"column":11},"end":{"line":237,"column":56}},"type":"binary-expr","locations":[{"start":{"line":237,"column":11},"end":{"line":237,"column":43}},{"start":{"line":237,"column":47},"end":{"line":237,"column":56}}]},"10":{"loc":{"start":{"line":243,"column":14},"end":{"line":243,"column":39}},"type":"binary-expr","locations":[{"start":{"line":243,"column":14},"end":{"line":243,"column":27}},{"start":{"line":243,"column":31},"end":{"line":243,"column":39}}]},"11":{"loc":{"start":{"line":252,"column":11},"end":{"line":252,"column":56}},"type":"binary-expr","locations":[{"start":{"line":252,"column":11},"end":{"line":252,"column":43}},{"start":{"line":252,"column":47},"end":{"line":252,"column":56}}]},"12":{"loc":{"start":{"line":268,"column":17},"end":{"line":268,"column":48}},"type":"binary-expr","locations":[{"start":{"line":268,"column":17},"end":{"line":268,"column":42}},{"start":{"line":268,"column":46},"end":{"line":268,"column":48}}]},"13":{"loc":{"start":{"line":280,"column":6},"end":{"line":287,"column":7}},"type":"if","locations":[{"start":{"line":280,"column":6},"end":{"line":287,"column":7}},{"start":{"line":282,"column":13},"end":{"line":287,"column":7}}]},"14":{"loc":{"start":{"line":280,"column":10},"end":{"line":280,"column":66}},"type":"binary-expr","locations":[{"start":{"line":280,"column":10},"end":{"line":280,"column":33}},{"start":{"line":280,"column":37},"end":{"line":280,"column":66}}]},"15":{"loc":{"start":{"line":283,"column":8},"end":{"line":285,"column":9}},"type":"if","locations":[{"start":{"line":283,"column":8},"end":{"line":285,"column":9}}]},"16":{"loc":{"start":{"line":293,"column":4},"end":{"line":293,"column":48}},"type":"if","locations":[{"start":{"line":293,"column":4},"end":{"line":293,"column":48}}]},"17":{"loc":{"start":{"line":294,"column":4},"end":{"line":294,"column":58}},"type":"if","locations":[{"start":{"line":294,"column":4},"end":{"line":294,"column":58}}]},"18":{"loc":{"start":{"line":300,"column":11},"end":{"line":300,"column":68}},"type":"cond-expr","locations":[{"start":{"line":300,"column":51},"end":{"line":300,"column":57}},{"start":{"line":300,"column":60},"end":{"line":300,"column":68}}]},"19":{"loc":{"start":{"line":300,"column":11},"end":{"line":300,"column":48}},"type":"binary-expr","locations":[{"start":{"line":300,"column":11},"end":{"line":300,"column":34}},{"start":{"line":300,"column":38},"end":{"line":300,"column":48}}]}},"s":{"0":1,"1":1,"2":1,"3":1,"4":1,"5":8,"6":8,"7":8,"8":8,"9":8,"10":8,"11":8,"12":8,"13":8,"14":1,"15":1,"16":1,"17":1,"18":1,"19":1,"20":0,"21":0,"22":0,"23":0,"24":0,"25":0,"26":0,"27":0,"28":0,"29":0,"30":0,"31":0,"32":0,"33":0,"34":0,"35":0,"36":2,"37":2,"38":1,"39":1,"40":1,"41":1,"42":0,"43":1,"44":0,"45":0,"46":0,"47":0,"48":0,"49":0,"50":0,"51":0,"52":1,"53":1,"54":1,"55":1,"56":1,"57":1,"58":0,"59":1,"60":2,"61":2,"62":7,"63":0,"64":1,"65":6,"66":6,"67":6,"68":1,"69":10,"70":6,"71":1,"72":5,"73":2,"74":2,"75":1,"76":1,"77":1,"78":2,"79":2,"80":1,"81":2,"82":1,"83":1,"84":1,"85":1,"86":1,"87":8,"88":2,"89":6,"90":6,"91":0,"92":16,"93":16,"94":1,"95":1},"f":{"0":8,"1":1,"2":1,"3":1,"4":1,"5":0,"6":0,"7":0,"8":0,"9":0,"10":0,"11":2,"12":0,"13":1,"14":2,"15":7,"16":0,"17":1,"18":6,"19":10,"20":6,"21":2,"22":2,"23":1,"24":2,"25":2,"26":8,"27":16},"b":{"0":[8,8,8],"1":[0,0],"2":[1],"3":[0],"4":[1],"5":[7,6,6],"6":[1],"7":[6,0],"8":[1],"9":[2,0],"10":[2,0],"11":[2,0],"12":[2,0],"13":[1,1],"14":[2,1],"15":[1],"16":[2],"17":[6],"18":[0,16],"19":[16,0]}}
,"/home/alazar/Socialbook/backend/src/auth/keycloak-admin.service.ts": {"path":"/home/alazar/Socialbook/backend/src/auth/keycloak-admin.service.ts","statementMap":{"0":{"start":{"line":1,"column":0},"end":{"line":1,"column":44}},"1":{"start":{"line":2,"column":0},"end":{"line":2,"column":31}},"2":{"start":{"line":22,"column":7},"end":{"line":197,"column":null}},"3":{"start":{"line":27,"column":4},"end":{"line":29,"column":5}},"4":{"start":{"line":28,"column":6},"end":{"line":28,"column":13}},"5":{"start":{"line":31,"column":16},"end":{"line":31,"column":40}},"6":{"start":{"line":32,"column":18},"end":{"line":32,"column":55}},"7":{"start":{"line":33,"column":21},"end":{"line":33,"column":57}},"8":{"start":{"line":34,"column":25},"end":{"line":34,"column":65}},"9":{"start":{"line":36,"column":4},"end":{"line":38,"column":5}},"10":{"start":{"line":37,"column":6},"end":{"line":37,"column":65}},"11":{"start":{"line":40,"column":4},"end":{"line":40,"column":57}},"12":{"start":{"line":41,"column":4},"end":{"line":41,"column":84}},"13":{"start":{"line":45,"column":4},"end":{"line":45,"column":22}},"14":{"start":{"line":46,"column":18},"end":{"line":46,"column":46}},"15":{"start":{"line":47,"column":27},"end":{"line":47,"column":39}},"16":{"start":{"line":48,"column":21},"end":{"line":48,"column":66}},"17":{"start":{"line":50,"column":17},"end":{"line":65,"column":6}},"18":{"start":{"line":67,"column":19},"end":{"line":70,"column":12}},"19":{"start":{"line":72,"column":4},"end":{"line":77,"column":5}},"20":{"start":{"line":73,"column":21},"end":{"line":73,"column":59}},"21":{"start":{"line":74,"column":20},"end":{"line":74,"column":37}},"22":{"start":{"line":75,"column":7},"end":{"line":75,"column":44}},"23":{"start":{"line":76,"column":6},"end":{"line":76,"column":18}},"24":{"start":{"line":81,"column":4},"end":{"line":81,"column":22}},"25":{"start":{"line":82,"column":18},"end":{"line":82,"column":46}},"26":{"start":{"line":83,"column":27},"end":{"line":83,"column":39}},"27":{"start":{"line":84,"column":21},"end":{"line":84,"column":66}},"28":{"start":{"line":85,"column":4},"end":{"line":85,"column":52}},"29":{"start":{"line":86,"column":4},"end":{"line":86,"column":47}},"30":{"start":{"line":88,"column":19},"end":{"line":90,"column":6}},"31":{"start":{"line":92,"column":4},"end":{"line":97,"column":5}},"32":{"start":{"line":93,"column":21},"end":{"line":93,"column":57}},"33":{"start":{"line":94,"column":20},"end":{"line":94,"column":37}},"34":{"start":{"line":95,"column":7},"end":{"line":95,"column":44}},"35":{"start":{"line":96,"column":6},"end":{"line":96,"column":18}},"36":{"start":{"line":99,"column":18},"end":{"line":99,"column":49}},"37":{"start":{"line":100,"column":4},"end":{"line":102,"column":5}},"38":{"start":{"line":101,"column":6},"end":{"line":101,"column":18}},"39":{"start":{"line":103,"column":4},"end":{"line":103,"column":20}},"40":{"start":{"line":107,"column":4},"end":{"line":107,"column":22}},"41":{"start":{"line":108,"column":18},"end":{"line":108,"column":46}},"42":{"start":{"line":109,"column":27},"end":{"line":109,"column":39}},"43":{"start":{"line":110,"column":21},"end":{"line":110,"column":66}},"44":{"start":{"line":111,"column":4},"end":{"line":111,"column":48}},"45":{"start":{"line":113,"column":19},"end":{"line":115,"column":6}},"46":{"start":{"line":117,"column":4},"end":{"line":122,"column":5}},"47":{"start":{"line":118,"column":21},"end":{"line":118,"column":60}},"48":{"start":{"line":119,"column":20},"end":{"line":119,"column":37}},"49":{"start":{"line":120,"column":7},"end":{"line":120,"column":44}},"50":{"start":{"line":121,"column":6},"end":{"line":121,"column":18}},"51":{"start":{"line":124,"column":18},"end":{"line":124,"column":49}},"52":{"start":{"line":125,"column":4},"end":{"line":127,"column":5}},"53":{"start":{"line":126,"column":6},"end":{"line":126,"column":16}},"54":{"start":{"line":129,"column":4},"end":{"line":135,"column":8}},"55":{"start":{"line":129,"column":32},"end":{"line":135,"column":6}},"56":{"start":{"line":139,"column":39},"end":{"line":139,"column":51}},"57":{"start":{"line":140,"column":19},"end":{"line":144,"column":6}},"58":{"start":{"line":146,"column":19},"end":{"line":150,"column":null}},"59":{"start":{"line":153,"column":4},"end":{"line":155,"column":5}},"60":{"start":{"line":154,"column":6},"end":{"line":154,"column":74}},"61":{"start":{"line":157,"column":17},"end":{"line":157,"column":48}},"62":{"start":{"line":158,"column":4},"end":{"line":160,"column":5}},"63":{"start":{"line":159,"column":6},"end":{"line":159,"column":70}},"64":{"start":{"line":162,"column":4},"end":{"line":162,"column":39}},"65":{"start":{"line":171,"column":4},"end":{"line":195,"column":6}},"66":{"start":{"line":173,"column":20},"end":{"line":186,"column":null}},"67":{"start":{"line":177,"column":37},"end":{"line":177,"column":39}},"68":{"start":{"line":178,"column":12},"end":{"line":178,"column":71}},"69":{"start":{"line":178,"column":38},"end":{"line":178,"column":69}},"70":{"start":{"line":179,"column":12},"end":{"line":185,"column":15}},"71":{"start":{"line":180,"column":14},"end":{"line":184,"column":17}},"72":{"start":{"line":189,"column":8},"end":{"line":189,"column":32}},"73":{"start":{"line":190,"column":8},"end":{"line":192,"column":9}},"74":{"start":{"line":191,"column":10},"end":{"line":191,"column":26}},"75":{"start":{"line":193,"column":8},"end":{"line":193,"column":18}},"76":{"start":{"line":22,"column":13},"end":{"line":22,"column":33}},"77":{"start":{"line":22,"column":13},"end":{"line":197,"column":null}}},"fnMap":{"0":{"name":"(anonymous_1)","decl":{"start":{"line":26,"column":10},"end":{"line":26,"column":20}},"loc":{"start":{"line":26,"column":20},"end":{"line":42,"column":3}}},"1":{"name":"(anonymous_2)","decl":{"start":{"line":44,"column":2},"end":{"line":44,"column":7}},"loc":{"start":{"line":44,"column":41},"end":{"line":78,"column":3}}},"2":{"name":"(anonymous_3)","decl":{"start":{"line":80,"column":2},"end":{"line":80,"column":7}},"loc":{"start":{"line":80,"column":43},"end":{"line":104,"column":3}}},"3":{"name":"(anonymous_4)","decl":{"start":{"line":106,"column":2},"end":{"line":106,"column":7}},"loc":{"start":{"line":106,"column":34},"end":{"line":136,"column":3}}},"4":{"name":"(anonymous_5)","decl":{"start":{"line":129,"column":21},"end":{"line":129,"column":22}},"loc":{"start":{"line":129,"column":32},"end":{"line":135,"column":6}}},"5":{"name":"(anonymous_6)","decl":{"start":{"line":138,"column":10},"end":{"line":138,"column":15}},"loc":{"start":{"line":138,"column":31},"end":{"line":163,"column":3}}},"6":{"name":"(anonymous_7)","decl":{"start":{"line":165,"column":10},"end":{"line":165,"column":17}},"loc":{"start":{"line":169,"column":17},"end":{"line":196,"column":3}}},"7":{"name":"(anonymous_8)","decl":{"start":{"line":172,"column":6},"end":{"line":172,"column":7}},"loc":{"start":{"line":172,"column":26},"end":{"line":194,"column":7}}},"8":{"name":"(anonymous_9)","decl":{"start":{"line":176,"column":10},"end":{"line":176,"column":11}},"loc":{"start":{"line":176,"column":18},"end":{"line":186,"column":11}}},"9":{"name":"(anonymous_10)","decl":{"start":{"line":178,"column":27},"end":{"line":178,"column":28}},"loc":{"start":{"line":178,"column":38},"end":{"line":178,"column":69}}},"10":{"name":"(anonymous_11)","decl":{"start":{"line":179,"column":26},"end":{"line":179,"column":29}},"loc":{"start":{"line":179,"column":31},"end":{"line":185,"column":13}}}},"branchMap":{"0":{"loc":{"start":{"line":27,"column":4},"end":{"line":29,"column":5}},"type":"if","locations":[{"start":{"line":27,"column":4},"end":{"line":29,"column":5}}]},"1":{"loc":{"start":{"line":27,"column":8},"end":{"line":27,"column":36}},"type":"binary-expr","locations":[{"start":{"line":27,"column":8},"end":{"line":27,"column":19}},{"start":{"line":27,"column":23},"end":{"line":27,"column":36}}]},"2":{"loc":{"start":{"line":32,"column":18},"end":{"line":32,"column":55}},"type":"binary-expr","locations":[{"start":{"line":32,"column":18},"end":{"line":32,"column":44}},{"start":{"line":32,"column":48},"end":{"line":32,"column":55}}]},"3":{"loc":{"start":{"line":36,"column":4},"end":{"line":38,"column":5}},"type":"if","locations":[{"start":{"line":36,"column":4},"end":{"line":38,"column":5}}]},"4":{"loc":{"start":{"line":36,"column":8},"end":{"line":36,"column":42}},"type":"binary-expr","locations":[{"start":{"line":36,"column":8},"end":{"line":36,"column":12}},{"start":{"line":36,"column":16},"end":{"line":36,"column":25}},{"start":{"line":36,"column":29},"end":{"line":36,"column":42}}]},"5":{"loc":{"start":{"line":52,"column":13},"end":{"line":52,"column":39}},"type":"binary-expr","locations":[{"start":{"line":52,"column":13},"end":{"line":52,"column":26}},{"start":{"line":52,"column":30},"end":{"line":52,"column":39}}]},"6":{"loc":{"start":{"line":53,"column":17},"end":{"line":53,"column":47}},"type":"binary-expr","locations":[{"start":{"line":53,"column":17},"end":{"line":53,"column":34}},{"start":{"line":53,"column":38},"end":{"line":53,"column":47}}]},"7":{"loc":{"start":{"line":54,"column":16},"end":{"line":54,"column":45}},"type":"binary-expr","locations":[{"start":{"line":54,"column":16},"end":{"line":54,"column":32}},{"start":{"line":54,"column":36},"end":{"line":54,"column":45}}]},"8":{"loc":{"start":{"line":57,"column":18},"end":{"line":57,"column":74}},"type":"cond-expr","locations":[{"start":{"line":57,"column":32},"end":{"line":57,"column":62}},{"start":{"line":57,"column":65},"end":{"line":57,"column":74}}]},"9":{"loc":{"start":{"line":72,"column":4},"end":{"line":77,"column":5}},"type":"if","locations":[{"start":{"line":72,"column":4},"end":{"line":77,"column":5}}]},"10":{"loc":{"start":{"line":72,"column":8},"end":{"line":72,"column":51}},"type":"binary-expr","locations":[{"start":{"line":72,"column":8},"end":{"line":72,"column":27}},{"start":{"line":72,"column":31},"end":{"line":72,"column":51}}]},"11":{"loc":{"start":{"line":73,"column":21},"end":{"line":73,"column":59}},"type":"binary-expr","locations":[{"start":{"line":73,"column":21},"end":{"line":73,"column":32}},{"start":{"line":73,"column":36},"end":{"line":73,"column":59}}]},"12":{"loc":{"start":{"line":92,"column":4},"end":{"line":97,"column":5}},"type":"if","locations":[{"start":{"line":92,"column":4},"end":{"line":97,"column":5}}]},"13":{"loc":{"start":{"line":92,"column":8},"end":{"line":92,"column":51}},"type":"binary-expr","locations":[{"start":{"line":92,"column":8},"end":{"line":92,"column":27}},{"start":{"line":92,"column":31},"end":{"line":92,"column":51}}]},"14":{"loc":{"start":{"line":93,"column":21},"end":{"line":93,"column":57}},"type":"binary-expr","locations":[{"start":{"line":93,"column":21},"end":{"line":93,"column":32}},{"start":{"line":93,"column":36},"end":{"line":93,"column":57}}]},"15":{"loc":{"start":{"line":99,"column":29},"end":{"line":99,"column":48}},"type":"binary-expr","locations":[{"start":{"line":99,"column":29},"end":{"line":99,"column":40}},{"start":{"line":99,"column":44},"end":{"line":99,"column":48}}]},"16":{"loc":{"start":{"line":100,"column":4},"end":{"line":102,"column":5}},"type":"if","locations":[{"start":{"line":100,"column":4},"end":{"line":102,"column":5}}]},"17":{"loc":{"start":{"line":100,"column":8},"end":{"line":100,"column":51}},"type":"binary-expr","locations":[{"start":{"line":100,"column":8},"end":{"line":100,"column":29}},{"start":{"line":100,"column":33},"end":{"line":100,"column":51}}]},"18":{"loc":{"start":{"line":117,"column":4},"end":{"line":122,"column":5}},"type":"if","locations":[{"start":{"line":117,"column":4},"end":{"line":122,"column":5}}]},"19":{"loc":{"start":{"line":117,"column":8},"end":{"line":117,"column":51}},"type":"binary-expr","locations":[{"start":{"line":117,"column":8},"end":{"line":117,"column":27}},{"start":{"line":117,"column":31},"end":{"line":117,"column":51}}]},"20":{"loc":{"start":{"line":118,"column":21},"end":{"line":118,"column":60}},"type":"binary-expr","locations":[{"start":{"line":118,"column":21},"end":{"line":118,"column":32}},{"start":{"line":118,"column":36},"end":{"line":118,"column":60}}]},"21":{"loc":{"start":{"line":124,"column":29},"end":{"line":124,"column":48}},"type":"binary-expr","locations":[{"start":{"line":124,"column":29},"end":{"line":124,"column":40}},{"start":{"line":124,"column":44},"end":{"line":124,"column":48}}]},"22":{"loc":{"start":{"line":125,"column":4},"end":{"line":127,"column":5}},"type":"if","locations":[{"start":{"line":125,"column":4},"end":{"line":127,"column":5}}]},"23":{"loc":{"start":{"line":153,"column":4},"end":{"line":155,"column":5}},"type":"if","locations":[{"start":{"line":153,"column":4},"end":{"line":155,"column":5}}]},"24":{"loc":{"start":{"line":153,"column":8},"end":{"line":153,"column":51}},"type":"binary-expr","locations":[{"start":{"line":153,"column":8},"end":{"line":153,"column":27}},{"start":{"line":153,"column":31},"end":{"line":153,"column":51}}]},"25":{"loc":{"start":{"line":157,"column":28},"end":{"line":157,"column":47}},"type":"binary-expr","locations":[{"start":{"line":157,"column":28},"end":{"line":157,"column":39}},{"start":{"line":157,"column":43},"end":{"line":157,"column":47}}]},"26":{"loc":{"start":{"line":158,"column":4},"end":{"line":160,"column":5}},"type":"if","locations":[{"start":{"line":158,"column":4},"end":{"line":160,"column":5}}]},"27":{"loc":{"start":{"line":181,"column":24},"end":{"line":181,"column":43}},"type":"binary-expr","locations":[{"start":{"line":181,"column":24},"end":{"line":181,"column":38}},{"start":{"line":181,"column":42},"end":{"line":181,"column":43}}]},"28":{"loc":{"start":{"line":190,"column":8},"end":{"line":192,"column":9}},"type":"if","locations":[{"start":{"line":190,"column":8},"end":{"line":192,"column":9}}]}},"s":{"0":1,"1":1,"2":1,"3":6,"4":0,"5":6,"6":6,"7":6,"8":6,"9":6,"10":1,"11":5,"12":5,"13":2,"14":1,"15":1,"16":1,"17":1,"18":1,"19":1,"20":0,"21":0,"22":0,"23":0,"24":2,"25":2,"26":2,"27":2,"28":2,"29":2,"30":2,"31":2,"32":0,"33":0,"34":0,"35":0,"36":2,"37":2,"38":1,"39":1,"40":1,"41":1,"42":1,"43":1,"44":1,"45":1,"46":1,"47":0,"48":0,"49":0,"50":0,"51":1,"52":1,"53":0,"54":1,"55":1,"56":5,"57":5,"58":5,"59":5,"60":0,"61":5,"62":5,"63":1,"64":4,"65":0,"66":0,"67":0,"68":0,"69":0,"70":0,"71":0,"72":0,"73":0,"74":0,"75":0,"76":1,"77":1},"f":{"0":6,"1":2,"2":2,"3":1,"4":1,"5":5,"6":0,"7":0,"8":0,"9":0,"10":0},"b":{"0":[0],"1":[6,0],"2":[6,6],"3":[1],"4":[6,5,5],"5":[1,0],"6":[1,1],"7":[1,1],"8":[0,1],"9":[0],"10":[1,1],"11":[0,0],"12":[0],"13":[2,2],"14":[0,0],"15":[2,0],"16":[1],"17":[2,2],"18":[0],"19":[1,1],"20":[0,0],"21":[1,0],"22":[0],"23":[0],"24":[5,5],"25":[5,0],"26":[1],"27":[0,0],"28":[0]}}
,"/home/alazar/Socialbook/backend/src/auth/keycloak-auth.service.ts": {"path":"/home/alazar/Socialbook/backend/src/auth/keycloak-auth.service.ts","statementMap":{"0":{"start":{"line":1,"column":0},"end":{"line":1,"column":44}},"1":{"start":{"line":2,"column":0},"end":{"line":2,"column":31}},"2":{"start":{"line":15,"column":7},"end":{"line":95,"column":null}},"3":{"start":{"line":20,"column":4},"end":{"line":22,"column":5}},"4":{"start":{"line":21,"column":6},"end":{"line":21,"column":13}},"5":{"start":{"line":24,"column":16},"end":{"line":24,"column":40}},"6":{"start":{"line":25,"column":18},"end":{"line":25,"column":55}},"7":{"start":{"line":26,"column":21},"end":{"line":26,"column":58}},"8":{"start":{"line":28,"column":4},"end":{"line":30,"column":5}},"9":{"start":{"line":29,"column":6},"end":{"line":29,"column":66}},"10":{"start":{"line":32,"column":4},"end":{"line":32,"column":29}},"11":{"start":{"line":33,"column":4},"end":{"line":33,"column":84}},"12":{"start":{"line":37,"column":4},"end":{"line":37,"column":22}},"13":{"start":{"line":39,"column":19},"end":{"line":44,"column":6}},"14":{"start":{"line":46,"column":19},"end":{"line":50,"column":null}},"15":{"start":{"line":53,"column":4},"end":{"line":58,"column":5}},"16":{"start":{"line":54,"column":21},"end":{"line":54,"column":59}},"17":{"start":{"line":55,"column":20},"end":{"line":55,"column":37}},"18":{"start":{"line":56,"column":7},"end":{"line":56,"column":44}},"19":{"start":{"line":57,"column":6},"end":{"line":57,"column":18}},"20":{"start":{"line":60,"column":4},"end":{"line":60,"column":60}},"21":{"start":{"line":69,"column":4},"end":{"line":93,"column":6}},"22":{"start":{"line":71,"column":20},"end":{"line":84,"column":null}},"23":{"start":{"line":75,"column":37},"end":{"line":75,"column":39}},"24":{"start":{"line":76,"column":12},"end":{"line":76,"column":71}},"25":{"start":{"line":76,"column":38},"end":{"line":76,"column":69}},"26":{"start":{"line":77,"column":12},"end":{"line":83,"column":15}},"27":{"start":{"line":78,"column":14},"end":{"line":82,"column":17}},"28":{"start":{"line":87,"column":8},"end":{"line":87,"column":32}},"29":{"start":{"line":88,"column":8},"end":{"line":90,"column":9}},"30":{"start":{"line":89,"column":10},"end":{"line":89,"column":26}},"31":{"start":{"line":91,"column":8},"end":{"line":91,"column":18}},"32":{"start":{"line":15,"column":13},"end":{"line":15,"column":32}},"33":{"start":{"line":15,"column":13},"end":{"line":95,"column":null}}},"fnMap":{"0":{"name":"(anonymous_1)","decl":{"start":{"line":19,"column":10},"end":{"line":19,"column":20}},"loc":{"start":{"line":19,"column":20},"end":{"line":34,"column":3}}},"1":{"name":"(anonymous_2)","decl":{"start":{"line":36,"column":2},"end":{"line":36,"column":7}},"loc":{"start":{"line":36,"column":60},"end":{"line":61,"column":3}}},"2":{"name":"(anonymous_3)","decl":{"start":{"line":63,"column":10},"end":{"line":63,"column":17}},"loc":{"start":{"line":67,"column":17},"end":{"line":94,"column":3}}},"3":{"name":"(anonymous_4)","decl":{"start":{"line":70,"column":6},"end":{"line":70,"column":7}},"loc":{"start":{"line":70,"column":26},"end":{"line":92,"column":7}}},"4":{"name":"(anonymous_5)","decl":{"start":{"line":74,"column":10},"end":{"line":74,"column":11}},"loc":{"start":{"line":74,"column":18},"end":{"line":84,"column":11}}},"5":{"name":"(anonymous_6)","decl":{"start":{"line":76,"column":27},"end":{"line":76,"column":28}},"loc":{"start":{"line":76,"column":38},"end":{"line":76,"column":69}}},"6":{"name":"(anonymous_7)","decl":{"start":{"line":77,"column":26},"end":{"line":77,"column":29}},"loc":{"start":{"line":77,"column":31},"end":{"line":83,"column":13}}}},"branchMap":{"0":{"loc":{"start":{"line":20,"column":4},"end":{"line":22,"column":5}},"type":"if","locations":[{"start":{"line":20,"column":4},"end":{"line":22,"column":5}}]},"1":{"loc":{"start":{"line":20,"column":8},"end":{"line":20,"column":38}},"type":"binary-expr","locations":[{"start":{"line":20,"column":8},"end":{"line":20,"column":21}},{"start":{"line":20,"column":25},"end":{"line":20,"column":38}}]},"2":{"loc":{"start":{"line":25,"column":18},"end":{"line":25,"column":55}},"type":"binary-expr","locations":[{"start":{"line":25,"column":18},"end":{"line":25,"column":44}},{"start":{"line":25,"column":48},"end":{"line":25,"column":55}}]},"3":{"loc":{"start":{"line":28,"column":4},"end":{"line":30,"column":5}},"type":"if","locations":[{"start":{"line":28,"column":4},"end":{"line":30,"column":5}}]},"4":{"loc":{"start":{"line":28,"column":8},"end":{"line":28,"column":25}},"type":"binary-expr","locations":[{"start":{"line":28,"column":8},"end":{"line":28,"column":12}},{"start":{"line":28,"column":16},"end":{"line":28,"column":25}}]},"5":{"loc":{"start":{"line":53,"column":4},"end":{"line":58,"column":5}},"type":"if","locations":[{"start":{"line":53,"column":4},"end":{"line":58,"column":5}}]},"6":{"loc":{"start":{"line":53,"column":8},"end":{"line":53,"column":51}},"type":"binary-expr","locations":[{"start":{"line":53,"column":8},"end":{"line":53,"column":27}},{"start":{"line":53,"column":31},"end":{"line":53,"column":51}}]},"7":{"loc":{"start":{"line":54,"column":21},"end":{"line":54,"column":59}},"type":"binary-expr","locations":[{"start":{"line":54,"column":21},"end":{"line":54,"column":32}},{"start":{"line":54,"column":36},"end":{"line":54,"column":59}}]},"8":{"loc":{"start":{"line":60,"column":22},"end":{"line":60,"column":41}},"type":"binary-expr","locations":[{"start":{"line":60,"column":22},"end":{"line":60,"column":33}},{"start":{"line":60,"column":37},"end":{"line":60,"column":41}}]},"9":{"loc":{"start":{"line":79,"column":24},"end":{"line":79,"column":43}},"type":"binary-expr","locations":[{"start":{"line":79,"column":24},"end":{"line":79,"column":38}},{"start":{"line":79,"column":42},"end":{"line":79,"column":43}}]},"10":{"loc":{"start":{"line":88,"column":8},"end":{"line":90,"column":9}},"type":"if","locations":[{"start":{"line":88,"column":8},"end":{"line":90,"column":9}}]}},"s":{"0":1,"1":1,"2":1,"3":3,"4":0,"5":3,"6":3,"7":3,"8":3,"9":1,"10":2,"11":2,"12":3,"13":2,"14":2,"15":2,"16":1,"17":1,"18":1,"19":1,"20":1,"21":0,"22":0,"23":0,"24":0,"25":0,"26":0,"27":0,"28":0,"29":0,"30":0,"31":0,"32":1,"33":1},"f":{"0":3,"1":3,"2":0,"3":0,"4":0,"5":0,"6":0},"b":{"0":[0],"1":[3,0],"2":[3,3],"3":[1],"4":[3,2],"5":[1],"6":[2,2],"7":[1,0],"8":[1,0],"9":[0,0],"10":[0]}}
,"/home/alazar/Socialbook/backend/src/booklists/booklists.service.ts": {"path":"/home/alazar/Socialbook/backend/src/booklists/booklists.service.ts","statementMap":{"0":{"start":{"line":1,"column":0},"end":{"line":1,"column":44}},"1":{"start":{"line":2,"column":0},"end":{"line":2,"column":47}},"2":{"start":{"line":3,"column":0},"end":{"line":3,"column":33}},"3":{"start":{"line":4,"column":0},"end":{"line":4,"column":63}},"4":{"start":{"line":5,"column":0},"end":{"line":5,"column":76}},"5":{"start":{"line":21,"column":7},"end":{"line":91,"column":null}},"6":{"start":{"line":23,"column":49},"end":{"line":23,"column":64}},"7":{"start":{"line":24,"column":53},"end":{"line":24,"column":64}},"8":{"start":{"line":28,"column":20},"end":{"line":35,"column":6}},"9":{"start":{"line":36,"column":4},"end":{"line":36,"column":19}},"10":{"start":{"line":40,"column":4},"end":{"line":40,"column":79}},"11":{"start":{"line":44,"column":4},"end":{"line":44,"column":28}},"12":{"start":{"line":44,"column":18},"end":{"line":44,"column":28}},"13":{"start":{"line":45,"column":4},"end":{"line":48,"column":14}},"14":{"start":{"line":52,"column":23},"end":{"line":52,"column":35}},"15":{"start":{"line":53,"column":4},"end":{"line":53,"column":31}},"16":{"start":{"line":53,"column":21},"end":{"line":53,"column":31}},"17":{"start":{"line":54,"column":18},"end":{"line":54,"column":84}},"18":{"start":{"line":55,"column":4},"end":{"line":62,"column":14}},"19":{"start":{"line":66,"column":17},"end":{"line":72,"column":6}},"20":{"start":{"line":74,"column":4},"end":{"line":74,"column":89}},"21":{"start":{"line":75,"column":4},"end":{"line":75,"column":16}},"22":{"start":{"line":79,"column":4},"end":{"line":79,"column":89}},"23":{"start":{"line":83,"column":17},"end":{"line":83,"column":62}},"24":{"start":{"line":84,"column":4},"end":{"line":86,"column":5}},"25":{"start":{"line":85,"column":6},"end":{"line":85,"column":19}},"26":{"start":{"line":87,"column":4},"end":{"line":87,"column":52}},"27":{"start":{"line":88,"column":4},"end":{"line":88,"column":60}},"28":{"start":{"line":89,"column":4},"end":{"line":89,"column":16}},"29":{"start":{"line":21,"column":13},"end":{"line":21,"column":29}},"30":{"start":{"line":21,"column":13},"end":{"line":91,"column":null}}},"fnMap":{"0":{"name":"(anonymous_4)","decl":{"start":{"line":22,"column":2},"end":{"line":22,"column":null}},"loc":{"start":{"line":24,"column":91},"end":{"line":25,"column":6}}},"1":{"name":"(anonymous_5)","decl":{"start":{"line":27,"column":2},"end":{"line":27,"column":7}},"loc":{"start":{"line":27,"column":62},"end":{"line":37,"column":3}}},"2":{"name":"(anonymous_6)","decl":{"start":{"line":39,"column":2},"end":{"line":39,"column":7}},"loc":{"start":{"line":39,"column":35},"end":{"line":41,"column":3}}},"3":{"name":"(anonymous_7)","decl":{"start":{"line":43,"column":2},"end":{"line":43,"column":7}},"loc":{"start":{"line":43,"column":41},"end":{"line":49,"column":3}}},"4":{"name":"(anonymous_8)","decl":{"start":{"line":51,"column":2},"end":{"line":51,"column":7}},"loc":{"start":{"line":51,"column":51},"end":{"line":63,"column":3}}},"5":{"name":"(anonymous_9)","decl":{"start":{"line":65,"column":2},"end":{"line":65,"column":7}},"loc":{"start":{"line":65,"column":86},"end":{"line":76,"column":3}}},"6":{"name":"(anonymous_10)","decl":{"start":{"line":78,"column":2},"end":{"line":78,"column":7}},"loc":{"start":{"line":78,"column":36},"end":{"line":80,"column":3}}},"7":{"name":"(anonymous_11)","decl":{"start":{"line":82,"column":2},"end":{"line":82,"column":7}},"loc":{"start":{"line":82,"column":54},"end":{"line":90,"column":3}}}},"branchMap":{"0":{"loc":{"start":{"line":32,"column":18},"end":{"line":32,"column":48}},"type":"binary-expr","locations":[{"start":{"line":32,"column":18},"end":{"line":32,"column":36}},{"start":{"line":32,"column":40},"end":{"line":32,"column":48}}]},"1":{"loc":{"start":{"line":44,"column":4},"end":{"line":44,"column":28}},"type":"if","locations":[{"start":{"line":44,"column":4},"end":{"line":44,"column":28}}]},"2":{"loc":{"start":{"line":51,"column":41},"end":{"line":51,"column":51}},"type":"default-arg","locations":[{"start":{"line":51,"column":49},"end":{"line":51,"column":51}}]},"3":{"loc":{"start":{"line":53,"column":4},"end":{"line":53,"column":31}},"type":"if","locations":[{"start":{"line":53,"column":4},"end":{"line":53,"column":31}}]},"4":{"loc":{"start":{"line":70,"column":16},"end":{"line":70,"column":37}},"type":"binary-expr","locations":[{"start":{"line":70,"column":16},"end":{"line":70,"column":32}},{"start":{"line":70,"column":36},"end":{"line":70,"column":37}}]},"5":{"loc":{"start":{"line":84,"column":4},"end":{"line":86,"column":5}},"type":"if","locations":[{"start":{"line":84,"column":4},"end":{"line":86,"column":5}}]},"6":{"loc":{"start":{"line":84,"column":8},"end":{"line":84,"column":41}},"type":"binary-expr","locations":[{"start":{"line":84,"column":8},"end":{"line":84,"column":13}},{"start":{"line":84,"column":17},"end":{"line":84,"column":41}}]}},"s":{"0":1,"1":1,"2":1,"3":1,"4":1,"5":1,"6":5,"7":5,"8":1,"9":1,"10":0,"11":1,"12":1,"13":0,"14":2,"15":2,"16":1,"17":1,"18":1,"19":1,"20":1,"21":1,"22":0,"23":2,"24":2,"25":1,"26":1,"27":1,"28":1,"29":1,"30":1},"f":{"0":5,"1":1,"2":0,"3":1,"4":2,"5":1,"6":0,"7":2},"b":{"0":[1,1],"1":[1],"2":[2],"3":[1],"4":[1,1],"5":[1],"6":[2,2]}}
,"/home/alazar/Socialbook/backend/src/comments/comments.service.ts": {"path":"/home/alazar/Socialbook/backend/src/comments/comments.service.ts","statementMap":{"0":{"start":{"line":1,"column":0},"end":{"line":1,"column":44}},"1":{"start":{"line":2,"column":0},"end":{"line":2,"column":47}},"2":{"start":{"line":3,"column":0},"end":{"line":3,"column":33}},"3":{"start":{"line":4,"column":0},"end":{"line":4,"column":60}},"4":{"start":{"line":14,"column":7},"end":{"line":36,"column":null}},"5":{"start":{"line":15,"column":58},"end":{"line":15,"column":72}},"6":{"start":{"line":18,"column":20},"end":{"line":23,"column":6}},"7":{"start":{"line":24,"column":4},"end":{"line":24,"column":30}},"8":{"start":{"line":28,"column":4},"end":{"line":28,"column":32}},"9":{"start":{"line":28,"column":20},"end":{"line":28,"column":32}},"10":{"start":{"line":29,"column":4},"end":{"line":29,"column":63}},"11":{"start":{"line":33,"column":4},"end":{"line":33,"column":37}},"12":{"start":{"line":33,"column":27},"end":{"line":33,"column":37}},"13":{"start":{"line":34,"column":4},"end":{"line":34,"column":106}},"14":{"start":{"line":14,"column":13},"end":{"line":14,"column":28}},"15":{"start":{"line":14,"column":13},"end":{"line":36,"column":null}}},"fnMap":{"0":{"name":"(anonymous_4)","decl":{"start":{"line":15,"column":2},"end":{"line":15,"column":15}},"loc":{"start":{"line":15,"column":94},"end":{"line":15,"column":98}}},"1":{"name":"(anonymous_5)","decl":{"start":{"line":17,"column":2},"end":{"line":17,"column":7}},"loc":{"start":{"line":17,"column":44},"end":{"line":25,"column":3}}},"2":{"name":"(anonymous_6)","decl":{"start":{"line":27,"column":2},"end":{"line":27,"column":7}},"loc":{"start":{"line":27,"column":34},"end":{"line":30,"column":3}}},"3":{"name":"(anonymous_7)","decl":{"start":{"line":32,"column":2},"end":{"line":32,"column":7}},"loc":{"start":{"line":32,"column":43},"end":{"line":35,"column":3}}}},"branchMap":{"0":{"loc":{"start":{"line":28,"column":4},"end":{"line":28,"column":32}},"type":"if","locations":[{"start":{"line":28,"column":4},"end":{"line":28,"column":32}}]},"1":{"loc":{"start":{"line":33,"column":4},"end":{"line":33,"column":37}},"type":"if","locations":[{"start":{"line":33,"column":4},"end":{"line":33,"column":37}}]}},"s":{"0":2,"1":2,"2":2,"3":2,"4":2,"5":3,"6":1,"7":1,"8":1,"9":1,"10":0,"11":2,"12":1,"13":1,"14":2,"15":2},"f":{"0":3,"1":1,"2":1,"3":2},"b":{"0":[1],"1":[1]}}
,"/home/alazar/Socialbook/backend/src/friends/friends.service.ts": {"path":"/home/alazar/Socialbook/backend/src/friends/friends.service.ts","statementMap":{"0":{"start":{"line":1,"column":0},"end":{"line":1,"column":44}},"1":{"start":{"line":2,"column":0},"end":{"line":2,"column":47}},"2":{"start":{"line":3,"column":0},"end":{"line":3,"column":33}},"3":{"start":{"line":4,"column":0},"end":{"line":4,"column":57}},"4":{"start":{"line":7,"column":7},"end":{"line":20,"column":null}},"5":{"start":{"line":8,"column":57},"end":{"line":8,"column":70}},"6":{"start":{"line":11,"column":4},"end":{"line":11,"column":28}},"7":{"start":{"line":11,"column":18},"end":{"line":11,"column":28}},"8":{"start":{"line":12,"column":4},"end":{"line":12,"column":84}},"9":{"start":{"line":16,"column":4},"end":{"line":16,"column":43}},"10":{"start":{"line":16,"column":31},"end":{"line":16,"column":43}},"11":{"start":{"line":17,"column":20},"end":{"line":17,"column":72}},"12":{"start":{"line":18,"column":4},"end":{"line":18,"column":30}},"13":{"start":{"line":7,"column":13},"end":{"line":7,"column":27}},"14":{"start":{"line":7,"column":13},"end":{"line":20,"column":null}}},"fnMap":{"0":{"name":"(anonymous_4)","decl":{"start":{"line":8,"column":2},"end":{"line":8,"column":15}},"loc":{"start":{"line":8,"column":91},"end":{"line":8,"column":95}}},"1":{"name":"(anonymous_5)","decl":{"start":{"line":10,"column":2},"end":{"line":10,"column":7}},"loc":{"start":{"line":10,"column":35},"end":{"line":13,"column":3}}},"2":{"name":"(anonymous_6)","decl":{"start":{"line":15,"column":2},"end":{"line":15,"column":7}},"loc":{"start":{"line":15,"column":51},"end":{"line":19,"column":3}}}},"branchMap":{"0":{"loc":{"start":{"line":11,"column":4},"end":{"line":11,"column":28}},"type":"if","locations":[{"start":{"line":11,"column":4},"end":{"line":11,"column":28}}]},"1":{"loc":{"start":{"line":16,"column":4},"end":{"line":16,"column":43}},"type":"if","locations":[{"start":{"line":16,"column":4},"end":{"line":16,"column":43}}]},"2":{"loc":{"start":{"line":16,"column":8},"end":{"line":16,"column":29}},"type":"binary-expr","locations":[{"start":{"line":16,"column":8},"end":{"line":16,"column":16}},{"start":{"line":16,"column":20},"end":{"line":16,"column":29}}]}},"s":{"0":1,"1":1,"2":1,"3":1,"4":1,"5":3,"6":2,"7":1,"8":1,"9":2,"10":1,"11":1,"12":1,"13":1,"14":1},"f":{"0":3,"1":2,"2":2},"b":{"0":[1],"1":[1],"2":[2,1]}}
,"/home/alazar/Socialbook/backend/src/notifications/notifications.service.ts": {"path":"/home/alazar/Socialbook/backend/src/notifications/notifications.service.ts","statementMap":{"0":{"start":{"line":1,"column":0},"end":{"line":1,"column":44}},"1":{"start":{"line":2,"column":0},"end":{"line":2,"column":47}},"2":{"start":{"line":3,"column":0},"end":{"line":3,"column":33}},"3":{"start":{"line":4,"column":0},"end":{"line":4,"column":75}},"4":{"start":{"line":15,"column":7},"end":{"line":54,"column":null}},"5":{"start":{"line":18,"column":21},"end":{"line":18,"column":40}},"6":{"start":{"line":22,"column":20},"end":{"line":29,"column":6}},"7":{"start":{"line":30,"column":4},"end":{"line":30,"column":30}},"8":{"start":{"line":34,"column":4},"end":{"line":34,"column":25}},"9":{"start":{"line":34,"column":15},"end":{"line":34,"column":25}},"10":{"start":{"line":35,"column":4},"end":{"line":40,"column":14}},"11":{"start":{"line":44,"column":4},"end":{"line":44,"column":46}},"12":{"start":{"line":44,"column":34},"end":{"line":44,"column":46}},"13":{"start":{"line":45,"column":4},"end":{"line":52,"column":14}},"14":{"start":{"line":15,"column":13},"end":{"line":15,"column":33}},"15":{"start":{"line":15,"column":13},"end":{"line":54,"column":null}}},"fnMap":{"0":{"name":"(anonymous_4)","decl":{"start":{"line":16,"column":2},"end":{"line":16,"column":null}},"loc":{"start":{"line":18,"column":67},"end":{"line":19,"column":6}}},"1":{"name":"(anonymous_5)","decl":{"start":{"line":21,"column":2},"end":{"line":21,"column":7}},"loc":{"start":{"line":21,"column":49},"end":{"line":31,"column":3}}},"2":{"name":"(anonymous_6)","decl":{"start":{"line":33,"column":2},"end":{"line":33,"column":7}},"loc":{"start":{"line":33,"column":43},"end":{"line":41,"column":3}}},"3":{"name":"(anonymous_7)","decl":{"start":{"line":43,"column":2},"end":{"line":43,"column":7}},"loc":{"start":{"line":43,"column":53},"end":{"line":53,"column":3}}}},"branchMap":{"0":{"loc":{"start":{"line":33,"column":33},"end":{"line":33,"column":43}},"type":"default-arg","locations":[{"start":{"line":33,"column":41},"end":{"line":33,"column":43}}]},"1":{"loc":{"start":{"line":34,"column":4},"end":{"line":34,"column":25}},"type":"if","locations":[{"start":{"line":34,"column":4},"end":{"line":34,"column":25}}]},"2":{"loc":{"start":{"line":44,"column":4},"end":{"line":44,"column":46}},"type":"if","locations":[{"start":{"line":44,"column":4},"end":{"line":44,"column":46}}]},"3":{"loc":{"start":{"line":44,"column":8},"end":{"line":44,"column":32}},"type":"binary-expr","locations":[{"start":{"line":44,"column":8},"end":{"line":44,"column":23}},{"start":{"line":44,"column":27},"end":{"line":44,"column":32}}]}},"s":{"0":1,"1":1,"2":1,"3":1,"4":1,"5":4,"6":1,"7":1,"8":2,"9":1,"10":1,"11":2,"12":1,"13":1,"14":1,"15":1},"f":{"0":4,"1":1,"2":2,"3":2},"b":{"0":[1],"1":[1],"2":[1],"3":[2,1]}}
,"/home/alazar/Socialbook/backend/src/profiles/profiles.service.ts": {"path":"/home/alazar/Socialbook/backend/src/profiles/profiles.service.ts","statementMap":{"0":{"start":{"line":1,"column":0},"end":{"line":1,"column":44}},"1":{"start":{"line":2,"column":0},"end":{"line":2,"column":47}},"2":{"start":{"line":3,"column":0},"end":{"line":3,"column":33}},"3":{"start":{"line":4,"column":0},"end":{"line":4,"column":60}},"4":{"start":{"line":7,"column":7},"end":{"line":27,"column":null}},"5":{"start":{"line":8,"column":58},"end":{"line":8,"column":72}},"6":{"start":{"line":11,"column":4},"end":{"line":11,"column":31}},"7":{"start":{"line":11,"column":19},"end":{"line":11,"column":31}},"8":{"start":{"line":12,"column":4},"end":{"line":12,"column":65}},"9":{"start":{"line":16,"column":4},"end":{"line":16,"column":31}},"10":{"start":{"line":16,"column":19},"end":{"line":16,"column":31}},"11":{"start":{"line":17,"column":20},"end":{"line":24,"column":13}},"12":{"start":{"line":25,"column":4},"end":{"line":25,"column":19}},"13":{"start":{"line":7,"column":13},"end":{"line":7,"column":28}},"14":{"start":{"line":7,"column":13},"end":{"line":27,"column":null}}},"fnMap":{"0":{"name":"(anonymous_4)","decl":{"start":{"line":8,"column":2},"end":{"line":8,"column":15}},"loc":{"start":{"line":8,"column":94},"end":{"line":8,"column":98}}},"1":{"name":"(anonymous_5)","decl":{"start":{"line":10,"column":2},"end":{"line":10,"column":7}},"loc":{"start":{"line":10,"column":39},"end":{"line":13,"column":3}}},"2":{"name":"(anonymous_6)","decl":{"start":{"line":15,"column":2},"end":{"line":15,"column":7}},"loc":{"start":{"line":15,"column":54},"end":{"line":26,"column":3}}}},"branchMap":{"0":{"loc":{"start":{"line":11,"column":4},"end":{"line":11,"column":31}},"type":"if","locations":[{"start":{"line":11,"column":4},"end":{"line":11,"column":31}}]},"1":{"loc":{"start":{"line":16,"column":4},"end":{"line":16,"column":31}},"type":"if","locations":[{"start":{"line":16,"column":4},"end":{"line":16,"column":31}}]}},"s":{"0":1,"1":1,"2":1,"3":1,"4":1,"5":3,"6":2,"7":1,"8":1,"9":2,"10":1,"11":1,"12":1,"13":1,"14":1},"f":{"0":3,"1":2,"2":2},"b":{"0":[1],"1":[1]}}
,"/home/alazar/Socialbook/backend/src/queue/queue.service.ts": {"path":"/home/alazar/Socialbook/backend/src/queue/queue.service.ts","statementMap":{"0":{"start":{"line":1,"column":0},"end":{"line":1,"column":83}},"1":{"start":{"line":2,"column":0},"end":{"line":2,"column":36}},"2":{"start":{"line":22,"column":25},"end":{"line":136,"column":null}},"3":{"start":{"line":23,"column":19},"end":{"line":23,"column":58}},"4":{"start":{"line":24,"column":10},"end":{"line":24,"column":47}},"5":{"start":{"line":25,"column":10},"end":{"line":25,"column":41}},"6":{"start":{"line":27,"column":19},"end":{"line":27,"column":50}},"7":{"start":{"line":28,"column":19},"end":{"line":34,"column":4}},"8":{"start":{"line":35,"column":19},"end":{"line":39,"column":4}},"9":{"start":{"line":42,"column":4},"end":{"line":45,"column":6}},"10":{"start":{"line":49,"column":4},"end":{"line":54,"column":5}},"11":{"start":{"line":50,"column":6},"end":{"line":50,"column":27}},"12":{"start":{"line":51,"column":6},"end":{"line":51,"column":34}},"13":{"start":{"line":53,"column":6},"end":{"line":53,"column":74}},"14":{"start":{"line":58,"column":4},"end":{"line":63,"column":5}},"15":{"start":{"line":59,"column":6},"end":{"line":59,"column":34}},"16":{"start":{"line":60,"column":6},"end":{"line":60,"column":37}},"17":{"start":{"line":62,"column":6},"end":{"line":62,"column":77}},"18":{"start":{"line":67,"column":4},"end":{"line":67,"column":65}},"19":{"start":{"line":71,"column":4},"end":{"line":71,"column":66}},"20":{"start":{"line":75,"column":4},"end":{"line":75,"column":67}},"21":{"start":{"line":79,"column":4},"end":{"line":79,"column":32}},"22":{"start":{"line":79,"column":25},"end":{"line":79,"column":32}},"23":{"start":{"line":80,"column":16},"end":{"line":80,"column":35}},"24":{"start":{"line":81,"column":4},"end":{"line":81,"column":56}},"25":{"start":{"line":82,"column":4},"end":{"line":82,"column":49}},"26":{"start":{"line":83,"column":4},"end":{"line":83,"column":57}},"27":{"start":{"line":84,"column":4},"end":{"line":84,"column":81}},"28":{"start":{"line":85,"column":4},"end":{"line":85,"column":81}},"29":{"start":{"line":86,"column":4},"end":{"line":86,"column":83}},"30":{"start":{"line":87,"column":4},"end":{"line":87,"column":75}},"31":{"start":{"line":88,"column":4},"end":{"line":88,"column":74}},"32":{"start":{"line":89,"column":4},"end":{"line":89,"column":76}},"33":{"start":{"line":90,"column":4},"end":{"line":90,"column":107}},"34":{"start":{"line":91,"column":4},"end":{"line":91,"column":109}},"35":{"start":{"line":92,"column":4},"end":{"line":92,"column":100}},"36":{"start":{"line":93,"column":4},"end":{"line":93,"column":103}},"37":{"start":{"line":94,"column":4},"end":{"line":94,"column":103}},"38":{"start":{"line":98,"column":4},"end":{"line":101,"column":5}},"39":{"start":{"line":99,"column":6},"end":{"line":99,"column":72}},"40":{"start":{"line":100,"column":6},"end":{"line":100,"column":13}},"41":{"start":{"line":102,"column":17},"end":{"line":102,"column":53}},"42":{"start":{"line":103,"column":4},"end":{"line":103,"column":80}},"43":{"start":{"line":107,"column":4},"end":{"line":107,"column":30}},"44":{"start":{"line":107,"column":23},"end":{"line":107,"column":30}},"45":{"start":{"line":108,"column":4},"end":{"line":110,"column":6}},"46":{"start":{"line":109,"column":6},"end":{"line":109,"column":46}},"47":{"start":{"line":111,"column":4},"end":{"line":113,"column":6}},"48":{"start":{"line":112,"column":6},"end":{"line":112,"column":48}},"49":{"start":{"line":114,"column":4},"end":{"line":116,"column":6}},"50":{"start":{"line":115,"column":6},"end":{"line":115,"column":40}},"51":{"start":{"line":117,"column":4},"end":{"line":119,"column":6}},"52":{"start":{"line":118,"column":6},"end":{"line":118,"column":39}},"53":{"start":{"line":120,"column":4},"end":{"line":122,"column":6}},"54":{"start":{"line":121,"column":6},"end":{"line":121,"column":41}},"55":{"start":{"line":126,"column":4},"end":{"line":126,"column":42}},"56":{"start":{"line":126,"column":35},"end":{"line":126,"column":42}},"57":{"start":{"line":127,"column":4},"end":{"line":134,"column":5}},"58":{"start":{"line":128,"column":22},"end":{"line":128,"column":60}},"59":{"start":{"line":129,"column":6},"end":{"line":129,"column":63}},"60":{"start":{"line":130,"column":6},"end":{"line":130,"column":32}},"61":{"start":{"line":132,"column":6},"end":{"line":132,"column":78}},"62":{"start":{"line":133,"column":6},"end":{"line":133,"column":47}},"63":{"start":{"line":22,"column":13},"end":{"line":22,"column":25}},"64":{"start":{"line":22,"column":13},"end":{"line":136,"column":null}}},"fnMap":{"0":{"name":"(anonymous_1)","decl":{"start":{"line":22,"column":7},"end":{"line":22,"column":13}},"loc":{"start":{"line":22,"column":7},"end":{"line":136,"column":1}}},"1":{"name":"(anonymous_2)","decl":{"start":{"line":41,"column":10},"end":{"line":41,"column":22}},"loc":{"start":{"line":41,"column":22},"end":{"line":46,"column":3}}},"2":{"name":"(anonymous_3)","decl":{"start":{"line":48,"column":2},"end":{"line":48,"column":7}},"loc":{"start":{"line":48,"column":20},"end":{"line":55,"column":3}}},"3":{"name":"(anonymous_4)","decl":{"start":{"line":57,"column":2},"end":{"line":57,"column":7}},"loc":{"start":{"line":57,"column":23},"end":{"line":64,"column":3}}},"4":{"name":"(anonymous_5)","decl":{"start":{"line":66,"column":2},"end":{"line":66,"column":7}},"loc":{"start":{"line":66,"column":58},"end":{"line":68,"column":3}}},"5":{"name":"(anonymous_6)","decl":{"start":{"line":70,"column":2},"end":{"line":70,"column":7}},"loc":{"start":{"line":70,"column":63},"end":{"line":72,"column":3}}},"6":{"name":"(anonymous_7)","decl":{"start":{"line":74,"column":2},"end":{"line":74,"column":7}},"loc":{"start":{"line":74,"column":53},"end":{"line":76,"column":3}}},"7":{"name":"(anonymous_8)","decl":{"start":{"line":78,"column":10},"end":{"line":78,"column":15}},"loc":{"start":{"line":78,"column":23},"end":{"line":95,"column":3}}},"8":{"name":"(anonymous_9)","decl":{"start":{"line":97,"column":10},"end":{"line":97,"column":15}},"loc":{"start":{"line":97,"column":76},"end":{"line":104,"column":3}}},"9":{"name":"(anonymous_10)","decl":{"start":{"line":106,"column":10},"end":{"line":106,"column":15}},"loc":{"start":{"line":106,"column":30},"end":{"line":123,"column":3}}},"10":{"name":"(anonymous_11)","decl":{"start":{"line":108,"column":58},"end":{"line":108,"column":59}},"loc":{"start":{"line":109,"column":6},"end":{"line":109,"column":46}}},"11":{"name":"(anonymous_12)","decl":{"start":{"line":111,"column":60},"end":{"line":111,"column":61}},"loc":{"start":{"line":112,"column":6},"end":{"line":112,"column":48}}},"12":{"name":"(anonymous_13)","decl":{"start":{"line":114,"column":52},"end":{"line":114,"column":53}},"loc":{"start":{"line":115,"column":6},"end":{"line":115,"column":40}}},"13":{"name":"(anonymous_14)","decl":{"start":{"line":117,"column":51},"end":{"line":117,"column":52}},"loc":{"start":{"line":118,"column":6},"end":{"line":118,"column":39}}},"14":{"name":"(anonymous_15)","decl":{"start":{"line":120,"column":53},"end":{"line":120,"column":54}},"loc":{"start":{"line":121,"column":6},"end":{"line":121,"column":41}}},"15":{"name":"(anonymous_16)","decl":{"start":{"line":125,"column":10},"end":{"line":125,"column":23}},"loc":{"start":{"line":125,"column":69},"end":{"line":135,"column":3}}}},"branchMap":{"0":{"loc":{"start":{"line":43,"column":6},"end":{"line":44,"column":87}},"type":"binary-expr","locations":[{"start":{"line":43,"column":6},"end":{"line":43,"column":30}},{"start":{"line":44,"column":6},"end":{"line":44,"column":87}}]},"1":{"loc":{"start":{"line":79,"column":4},"end":{"line":79,"column":32}},"type":"if","locations":[{"start":{"line":79,"column":4},"end":{"line":79,"column":32}}]},"2":{"loc":{"start":{"line":98,"column":4},"end":{"line":101,"column":5}},"type":"if","locations":[{"start":{"line":98,"column":4},"end":{"line":101,"column":5}}]},"3":{"loc":{"start":{"line":107,"column":4},"end":{"line":107,"column":30}},"type":"if","locations":[{"start":{"line":107,"column":4},"end":{"line":107,"column":30}}]},"4":{"loc":{"start":{"line":126,"column":4},"end":{"line":126,"column":42}},"type":"if","locations":[{"start":{"line":126,"column":4},"end":{"line":126,"column":42}}]},"5":{"loc":{"start":{"line":126,"column":8},"end":{"line":126,"column":33}},"type":"binary-expr","locations":[{"start":{"line":126,"column":8},"end":{"line":126,"column":16}},{"start":{"line":126,"column":20},"end":{"line":126,"column":33}}]}},"s":{"0":2,"1":2,"2":2,"3":3,"4":3,"5":3,"6":3,"7":3,"8":3,"9":0,"10":0,"11":0,"12":0,"13":0,"14":0,"15":0,"16":0,"17":0,"18":1,"19":0,"20":0,"21":0,"22":0,"23":0,"24":0,"25":0,"26":0,"27":0,"28":0,"29":0,"30":0,"31":0,"32":0,"33":0,"34":0,"35":0,"36":0,"37":0,"38":1,"39":1,"40":1,"41":0,"42":0,"43":0,"44":0,"45":0,"46":0,"47":0,"48":0,"49":0,"50":0,"51":0,"52":0,"53":0,"54":0,"55":2,"56":0,"57":2,"58":2,"59":1,"60":1,"61":1,"62":1,"63":2,"64":2},"f":{"0":3,"1":0,"2":0,"3":0,"4":1,"5":0,"6":0,"7":0,"8":1,"9":0,"10":0,"11":0,"12":0,"13":0,"14":0,"15":2},"b":{"0":[0,0],"1":[0],"2":[1],"3":[0],"4":[0],"5":[2,2]}}
,"/home/alazar/Socialbook/backend/src/reviews/reviews.service.ts": {"path":"/home/alazar/Socialbook/backend/src/reviews/reviews.service.ts","statementMap":{"0":{"start":{"line":1,"column":0},"end":{"line":1,"column":44}},"1":{"start":{"line":2,"column":0},"end":{"line":2,"column":47}},"2":{"start":{"line":3,"column":0},"end":{"line":3,"column":33}},"3":{"start":{"line":4,"column":0},"end":{"line":4,"column":57}},"4":{"start":{"line":22,"column":7},"end":{"line":235,"column":null}},"5":{"start":{"line":23,"column":48},"end":{"line":23,"column":61}},"6":{"start":{"line":26,"column":4},"end":{"line":26,"column":49}},"7":{"start":{"line":30,"column":4},"end":{"line":30,"column":25}},"8":{"start":{"line":30,"column":15},"end":{"line":30,"column":25}},"9":{"start":{"line":31,"column":4},"end":{"line":31,"column":82}},"10":{"start":{"line":35,"column":4},"end":{"line":35,"column":31}},"11":{"start":{"line":35,"column":19},"end":{"line":35,"column":31}},"12":{"start":{"line":36,"column":4},"end":{"line":36,"column":61}},"13":{"start":{"line":40,"column":4},"end":{"line":40,"column":26}},"14":{"start":{"line":40,"column":19},"end":{"line":40,"column":26}},"15":{"start":{"line":41,"column":4},"end":{"line":41,"column":59}},"16":{"start":{"line":46,"column":4},"end":{"line":50,"column":5}},"17":{"start":{"line":47,"column":6},"end":{"line":47,"column":33}},"18":{"start":{"line":49,"column":6},"end":{"line":49,"column":19}},"19":{"start":{"line":52,"column":4},"end":{"line":54,"column":5}},"20":{"start":{"line":53,"column":6},"end":{"line":53,"column":19}},"21":{"start":{"line":56,"column":4},"end":{"line":58,"column":5}},"22":{"start":{"line":57,"column":6},"end":{"line":57,"column":18}},"23":{"start":{"line":60,"column":19},"end":{"line":60,"column":78}},"24":{"start":{"line":61,"column":4},"end":{"line":61,"column":39}},"25":{"start":{"line":61,"column":25},"end":{"line":61,"column":39}},"26":{"start":{"line":62,"column":4},"end":{"line":62,"column":64}},"27":{"start":{"line":66,"column":19},"end":{"line":66,"column":41}},"28":{"start":{"line":68,"column":20},"end":{"line":76,"column":6}},"29":{"start":{"line":78,"column":4},"end":{"line":78,"column":30}},"30":{"start":{"line":82,"column":20},"end":{"line":86,"column":6}},"31":{"start":{"line":87,"column":20},"end":{"line":90,"column":13}},"32":{"start":{"line":91,"column":4},"end":{"line":91,"column":19}},"33":{"start":{"line":95,"column":23},"end":{"line":95,"column":44}},"34":{"start":{"line":96,"column":20},"end":{"line":96,"column":62}},"35":{"start":{"line":96,"column":37},"end":{"line":96,"column":55}},"36":{"start":{"line":98,"column":4},"end":{"line":112,"column":5}},"37":{"start":{"line":99,"column":18},"end":{"line":99,"column":81}},"38":{"start":{"line":100,"column":6},"end":{"line":100,"column":64}},"39":{"start":{"line":100,"column":52},"end":{"line":100,"column":64}},"40":{"start":{"line":101,"column":26},"end":{"line":101,"column":57}},"41":{"start":{"line":102,"column":6},"end":{"line":102,"column":77}},"42":{"start":{"line":102,"column":64},"end":{"line":102,"column":77}},"43":{"start":{"line":103,"column":27},"end":{"line":103,"column":60}},"44":{"start":{"line":104,"column":6},"end":{"line":104,"column":37}},"45":{"start":{"line":104,"column":25},"end":{"line":104,"column":37}},"46":{"start":{"line":105,"column":21},"end":{"line":105,"column":41}},"47":{"start":{"line":106,"column":6},"end":{"line":106,"column":48}},"48":{"start":{"line":106,"column":36},"end":{"line":106,"column":48}},"49":{"start":{"line":107,"column":6},"end":{"line":107,"column":46}},"50":{"start":{"line":109,"column":6},"end":{"line":109,"column":18}},"51":{"start":{"line":111,"column":6},"end":{"line":111,"column":28}},"52":{"start":{"line":116,"column":23},"end":{"line":116,"column":44}},"53":{"start":{"line":117,"column":20},"end":{"line":117,"column":62}},"54":{"start":{"line":117,"column":37},"end":{"line":117,"column":55}},"55":{"start":{"line":119,"column":4},"end":{"line":137,"column":5}},"56":{"start":{"line":120,"column":18},"end":{"line":124,"column":8}},"57":{"start":{"line":125,"column":26},"end":{"line":125,"column":57}},"58":{"start":{"line":126,"column":6},"end":{"line":126,"column":77}},"59":{"start":{"line":126,"column":64},"end":{"line":126,"column":77}},"60":{"start":{"line":127,"column":21},"end":{"line":127,"column":44}},"61":{"start":{"line":128,"column":21},"end":{"line":128,"column":89}},"62":{"start":{"line":129,"column":6},"end":{"line":129,"column":32}},"63":{"start":{"line":129,"column":19},"end":{"line":129,"column":32}},"64":{"start":{"line":130,"column":25},"end":{"line":130,"column":56}},"65":{"start":{"line":131,"column":6},"end":{"line":131,"column":36}},"66":{"start":{"line":131,"column":23},"end":{"line":131,"column":36}},"67":{"start":{"line":132,"column":6},"end":{"line":132,"column":83}},"68":{"start":{"line":134,"column":6},"end":{"line":134,"column":19}},"69":{"start":{"line":136,"column":6},"end":{"line":136,"column":28}},"70":{"start":{"line":141,"column":23},"end":{"line":141,"column":42}},"71":{"start":{"line":142,"column":4},"end":{"line":142,"column":55}},"72":{"start":{"line":142,"column":42},"end":{"line":142,"column":55}},"73":{"start":{"line":143,"column":4},"end":{"line":143,"column":55}},"74":{"start":{"line":143,"column":42},"end":{"line":143,"column":55}},"75":{"start":{"line":144,"column":4},"end":{"line":144,"column":16}},"76":{"start":{"line":148,"column":4},"end":{"line":153,"column":5}},"77":{"start":{"line":149,"column":21},"end":{"line":149,"column":41}},"78":{"start":{"line":150,"column":6},"end":{"line":152,"column":7}},"79":{"start":{"line":151,"column":8},"end":{"line":151,"column":34}},"80":{"start":{"line":154,"column":4},"end":{"line":154,"column":41}},"81":{"start":{"line":158,"column":17},"end":{"line":158,"column":39}},"82":{"start":{"line":159,"column":4},"end":{"line":159,"column":38}},"83":{"start":{"line":159,"column":26},"end":{"line":159,"column":38}},"84":{"start":{"line":162,"column":4},"end":{"line":177,"column":5}},"85":{"start":{"line":173,"column":20},"end":{"line":173,"column":47}},"86":{"start":{"line":174,"column":21},"end":{"line":174,"column":48}},"87":{"start":{"line":175,"column":6},"end":{"line":175,"column":52}},"88":{"start":{"line":175,"column":27},"end":{"line":175,"column":52}},"89":{"start":{"line":176,"column":6},"end":{"line":176,"column":18}},"90":{"start":{"line":180,"column":4},"end":{"line":190,"column":5}},"91":{"start":{"line":186,"column":20},"end":{"line":186,"column":44}},"92":{"start":{"line":187,"column":21},"end":{"line":187,"column":45}},"93":{"start":{"line":188,"column":6},"end":{"line":188,"column":52}},"94":{"start":{"line":188,"column":27},"end":{"line":188,"column":52}},"95":{"start":{"line":189,"column":6},"end":{"line":189,"column":18}},"96":{"start":{"line":193,"column":4},"end":{"line":216,"column":5}},"97":{"start":{"line":194,"column":19},"end":{"line":194,"column":20}},"98":{"start":{"line":195,"column":6},"end":{"line":215,"column":7}},"99":{"start":{"line":196,"column":8},"end":{"line":199,"column":9}},"100":{"start":{"line":197,"column":10},"end":{"line":197,"column":22}},"101":{"start":{"line":198,"column":10},"end":{"line":198,"column":19}},"102":{"start":{"line":200,"column":23},"end":{"line":200,"column":39}},"103":{"start":{"line":202,"column":10},"end":{"line":205,"column":44}},"104":{"start":{"line":206,"column":23},"end":{"line":206,"column":58}},"105":{"start":{"line":207,"column":8},"end":{"line":207,"column":64}},"106":{"start":{"line":207,"column":58},"end":{"line":207,"column":64}},"107":{"start":{"line":208,"column":8},"end":{"line":213,"column":9}},"108":{"start":{"line":209,"column":25},"end":{"line":209,"column":60}},"109":{"start":{"line":210,"column":24},"end":{"line":210,"column":59}},"110":{"start":{"line":211,"column":10},"end":{"line":211,"column":56}},"111":{"start":{"line":211,"column":31},"end":{"line":211,"column":56}},"112":{"start":{"line":212,"column":10},"end":{"line":212,"column":22}},"113":{"start":{"line":214,"column":8},"end":{"line":214,"column":29}},"114":{"start":{"line":218,"column":4},"end":{"line":218,"column":16}},"115":{"start":{"line":222,"column":4},"end":{"line":222,"column":44}},"116":{"start":{"line":222,"column":35},"end":{"line":222,"column":44}},"117":{"start":{"line":223,"column":4},"end":{"line":223,"column":50}},"118":{"start":{"line":227,"column":4},"end":{"line":227,"column":44}},"119":{"start":{"line":227,"column":35},"end":{"line":227,"column":44}},"120":{"start":{"line":228,"column":4},"end":{"line":233,"column":12}},"121":{"start":{"line":22,"column":13},"end":{"line":22,"column":27}},"122":{"start":{"line":22,"column":13},"end":{"line":235,"column":null}}},"fnMap":{"0":{"name":"(anonymous_4)","decl":{"start":{"line":23,"column":2},"end":{"line":23,"column":15}},"loc":{"start":{"line":23,"column":82},"end":{"line":23,"column":86}}},"1":{"name":"(anonymous_5)","decl":{"start":{"line":25,"column":2},"end":{"line":25,"column":7}},"loc":{"start":{"line":25,"column":15},"end":{"line":27,"column":3}}},"2":{"name":"(anonymous_6)","decl":{"start":{"line":29,"column":2},"end":{"line":29,"column":7}},"loc":{"start":{"line":29,"column":31},"end":{"line":32,"column":3}}},"3":{"name":"(anonymous_7)","decl":{"start":{"line":34,"column":2},"end":{"line":34,"column":7}},"loc":{"start":{"line":34,"column":33},"end":{"line":37,"column":3}}},"4":{"name":"(anonymous_8)","decl":{"start":{"line":39,"column":2},"end":{"line":39,"column":7}},"loc":{"start":{"line":39,"column":41},"end":{"line":42,"column":3}}},"5":{"name":"(anonymous_9)","decl":{"start":{"line":44,"column":2},"end":{"line":44,"column":7}},"loc":{"start":{"line":44,"column":77},"end":{"line":63,"column":3}}},"6":{"name":"(anonymous_10)","decl":{"start":{"line":65,"column":2},"end":{"line":65,"column":7}},"loc":{"start":{"line":65,"column":37},"end":{"line":79,"column":3}}},"7":{"name":"(anonymous_11)","decl":{"start":{"line":81,"column":2},"end":{"line":81,"column":7}},"loc":{"start":{"line":81,"column":60},"end":{"line":92,"column":3}}},"8":{"name":"(anonymous_12)","decl":{"start":{"line":94,"column":10},"end":{"line":94,"column":15}},"loc":{"start":{"line":94,"column":82},"end":{"line":113,"column":3}}},"9":{"name":"(anonymous_13)","decl":{"start":{"line":96,"column":31},"end":{"line":96,"column":34}},"loc":{"start":{"line":96,"column":37},"end":{"line":96,"column":55}}},"10":{"name":"(anonymous_14)","decl":{"start":{"line":115,"column":10},"end":{"line":115,"column":15}},"loc":{"start":{"line":115,"column":81},"end":{"line":138,"column":3}}},"11":{"name":"(anonymous_15)","decl":{"start":{"line":117,"column":31},"end":{"line":117,"column":34}},"loc":{"start":{"line":117,"column":37},"end":{"line":117,"column":55}}},"12":{"name":"(anonymous_16)","decl":{"start":{"line":140,"column":10},"end":{"line":140,"column":28}},"loc":{"start":{"line":140,"column":42},"end":{"line":145,"column":3}}},"13":{"name":"(anonymous_17)","decl":{"start":{"line":147,"column":10},"end":{"line":147,"column":20}},"loc":{"start":{"line":147,"column":87},"end":{"line":155,"column":3}}},"14":{"name":"(anonymous_18)","decl":{"start":{"line":157,"column":10},"end":{"line":157,"column":28}},"loc":{"start":{"line":157,"column":48},"end":{"line":219,"column":3}}},"15":{"name":"(anonymous_19)","decl":{"start":{"line":221,"column":10},"end":{"line":221,"column":22}},"loc":{"start":{"line":221,"column":55},"end":{"line":224,"column":3}}},"16":{"name":"(anonymous_20)","decl":{"start":{"line":226,"column":10},"end":{"line":226,"column":22}},"loc":{"start":{"line":226,"column":55},"end":{"line":234,"column":3}}}},"branchMap":{"0":{"loc":{"start":{"line":30,"column":4},"end":{"line":30,"column":25}},"type":"if","locations":[{"start":{"line":30,"column":4},"end":{"line":30,"column":25}}]},"1":{"loc":{"start":{"line":35,"column":4},"end":{"line":35,"column":31}},"type":"if","locations":[{"start":{"line":35,"column":4},"end":{"line":35,"column":31}}]},"2":{"loc":{"start":{"line":40,"column":4},"end":{"line":40,"column":26}},"type":"if","locations":[{"start":{"line":40,"column":4},"end":{"line":40,"column":26}}]},"3":{"loc":{"start":{"line":52,"column":4},"end":{"line":54,"column":5}},"type":"if","locations":[{"start":{"line":52,"column":4},"end":{"line":54,"column":5}}]},"4":{"loc":{"start":{"line":52,"column":8},"end":{"line":52,"column":67}},"type":"binary-expr","locations":[{"start":{"line":52,"column":8},"end":{"line":52,"column":35}},{"start":{"line":52,"column":39},"end":{"line":52,"column":67}}]},"5":{"loc":{"start":{"line":56,"column":4},"end":{"line":58,"column":5}},"type":"if","locations":[{"start":{"line":56,"column":4},"end":{"line":58,"column":5}}]},"6":{"loc":{"start":{"line":61,"column":4},"end":{"line":61,"column":39}},"type":"if","locations":[{"start":{"line":61,"column":4},"end":{"line":61,"column":39}}]},"7":{"loc":{"start":{"line":74,"column":14},"end":{"line":74,"column":40}},"type":"binary-expr","locations":[{"start":{"line":74,"column":14},"end":{"line":74,"column":28}},{"start":{"line":74,"column":32},"end":{"line":74,"column":40}}]},"8":{"loc":{"start":{"line":100,"column":6},"end":{"line":100,"column":64}},"type":"if","locations":[{"start":{"line":100,"column":6},"end":{"line":100,"column":64}}]},"9":{"loc":{"start":{"line":100,"column":10},"end":{"line":100,"column":50}},"type":"binary-expr","locations":[{"start":{"line":100,"column":10},"end":{"line":100,"column":28}},{"start":{"line":100,"column":32},"end":{"line":100,"column":50}}]},"10":{"loc":{"start":{"line":102,"column":6},"end":{"line":102,"column":77}},"type":"if","locations":[{"start":{"line":102,"column":6},"end":{"line":102,"column":77}}]},"11":{"loc":{"start":{"line":102,"column":10},"end":{"line":102,"column":62}},"type":"binary-expr","locations":[{"start":{"line":102,"column":10},"end":{"line":102,"column":21}},{"start":{"line":102,"column":25},"end":{"line":102,"column":62}}]},"12":{"loc":{"start":{"line":104,"column":6},"end":{"line":104,"column":37}},"type":"if","locations":[{"start":{"line":104,"column":6},"end":{"line":104,"column":37}}]},"13":{"loc":{"start":{"line":106,"column":6},"end":{"line":106,"column":48}},"type":"if","locations":[{"start":{"line":106,"column":6},"end":{"line":106,"column":48}}]},"14":{"loc":{"start":{"line":107,"column":13},"end":{"line":107,"column":45}},"type":"cond-expr","locations":[{"start":{"line":107,"column":33},"end":{"line":107,"column":38}},{"start":{"line":107,"column":41},"end":{"line":107,"column":45}}]},"15":{"loc":{"start":{"line":126,"column":6},"end":{"line":126,"column":77}},"type":"if","locations":[{"start":{"line":126,"column":6},"end":{"line":126,"column":77}}]},"16":{"loc":{"start":{"line":126,"column":10},"end":{"line":126,"column":62}},"type":"binary-expr","locations":[{"start":{"line":126,"column":10},"end":{"line":126,"column":21}},{"start":{"line":126,"column":25},"end":{"line":126,"column":62}}]},"17":{"loc":{"start":{"line":129,"column":6},"end":{"line":129,"column":32}},"type":"if","locations":[{"start":{"line":129,"column":6},"end":{"line":129,"column":32}}]},"18":{"loc":{"start":{"line":131,"column":6},"end":{"line":131,"column":36}},"type":"if","locations":[{"start":{"line":131,"column":6},"end":{"line":131,"column":36}}]},"19":{"loc":{"start":{"line":132,"column":13},"end":{"line":132,"column":82}},"type":"binary-expr","locations":[{"start":{"line":132,"column":13},"end":{"line":132,"column":45}},{"start":{"line":132,"column":49},"end":{"line":132,"column":82}}]},"20":{"loc":{"start":{"line":142,"column":4},"end":{"line":142,"column":55}},"type":"if","locations":[{"start":{"line":142,"column":4},"end":{"line":142,"column":55}}]},"21":{"loc":{"start":{"line":143,"column":4},"end":{"line":143,"column":55}},"type":"if","locations":[{"start":{"line":143,"column":4},"end":{"line":143,"column":55}}]},"22":{"loc":{"start":{"line":148,"column":4},"end":{"line":153,"column":5}},"type":"if","locations":[{"start":{"line":148,"column":4},"end":{"line":153,"column":5}}]},"23":{"loc":{"start":{"line":150,"column":6},"end":{"line":152,"column":7}},"type":"if","locations":[{"start":{"line":150,"column":6},"end":{"line":152,"column":7}}]},"24":{"loc":{"start":{"line":159,"column":4},"end":{"line":159,"column":38}},"type":"if","locations":[{"start":{"line":159,"column":4},"end":{"line":159,"column":38}}]},"25":{"loc":{"start":{"line":162,"column":4},"end":{"line":177,"column":5}},"type":"if","locations":[{"start":{"line":162,"column":4},"end":{"line":177,"column":5}}]},"26":{"loc":{"start":{"line":163,"column":6},"end":{"line":171,"column":22}},"type":"binary-expr","locations":[{"start":{"line":163,"column":6},"end":{"line":163,"column":23}},{"start":{"line":164,"column":6},"end":{"line":164,"column":22}},{"start":{"line":165,"column":6},"end":{"line":165,"column":22}},{"start":{"line":166,"column":6},"end":{"line":166,"column":22}},{"start":{"line":167,"column":6},"end":{"line":167,"column":22}},{"start":{"line":168,"column":6},"end":{"line":168,"column":22}},{"start":{"line":169,"column":6},"end":{"line":169,"column":22}},{"start":{"line":170,"column":6},"end":{"line":170,"column":22}},{"start":{"line":171,"column":6},"end":{"line":171,"column":22}}]},"27":{"loc":{"start":{"line":175,"column":6},"end":{"line":175,"column":52}},"type":"if","locations":[{"start":{"line":175,"column":6},"end":{"line":175,"column":52}}]},"28":{"loc":{"start":{"line":175,"column":10},"end":{"line":175,"column":25}},"type":"binary-expr","locations":[{"start":{"line":175,"column":10},"end":{"line":175,"column":15}},{"start":{"line":175,"column":19},"end":{"line":175,"column":25}}]},"29":{"loc":{"start":{"line":180,"column":4},"end":{"line":190,"column":5}},"type":"if","locations":[{"start":{"line":180,"column":4},"end":{"line":190,"column":5}}]},"30":{"loc":{"start":{"line":181,"column":6},"end":{"line":184,"column":22}},"type":"binary-expr","locations":[{"start":{"line":181,"column":6},"end":{"line":181,"column":23}},{"start":{"line":182,"column":6},"end":{"line":182,"column":22}},{"start":{"line":183,"column":6},"end":{"line":183,"column":22}},{"start":{"line":184,"column":6},"end":{"line":184,"column":22}}]},"31":{"loc":{"start":{"line":188,"column":6},"end":{"line":188,"column":52}},"type":"if","locations":[{"start":{"line":188,"column":6},"end":{"line":188,"column":52}}]},"32":{"loc":{"start":{"line":188,"column":10},"end":{"line":188,"column":25}},"type":"binary-expr","locations":[{"start":{"line":188,"column":10},"end":{"line":188,"column":15}},{"start":{"line":188,"column":19},"end":{"line":188,"column":25}}]},"33":{"loc":{"start":{"line":193,"column":4},"end":{"line":216,"column":5}},"type":"if","locations":[{"start":{"line":193,"column":4},"end":{"line":216,"column":5}}]},"34":{"loc":{"start":{"line":193,"column":8},"end":{"line":193,"column":44}},"type":"binary-expr","locations":[{"start":{"line":193,"column":8},"end":{"line":193,"column":24}},{"start":{"line":193,"column":28},"end":{"line":193,"column":44}}]},"35":{"loc":{"start":{"line":196,"column":8},"end":{"line":199,"column":9}},"type":"if","locations":[{"start":{"line":196,"column":8},"end":{"line":199,"column":9}}]},"36":{"loc":{"start":{"line":202,"column":10},"end":{"line":205,"column":44}},"type":"binary-expr","locations":[{"start":{"line":202,"column":11},"end":{"line":202,"column":25}},{"start":{"line":202,"column":29},"end":{"line":202,"column":43}},{"start":{"line":203,"column":11},"end":{"line":203,"column":25}},{"start":{"line":203,"column":29},"end":{"line":203,"column":43}},{"start":{"line":204,"column":11},"end":{"line":204,"column":25}},{"start":{"line":204,"column":29},"end":{"line":204,"column":43}},{"start":{"line":205,"column":11},"end":{"line":205,"column":25}},{"start":{"line":205,"column":29},"end":{"line":205,"column":43}}]},"37":{"loc":{"start":{"line":207,"column":8},"end":{"line":207,"column":64}},"type":"if","locations":[{"start":{"line":207,"column":8},"end":{"line":207,"column":64}}]},"38":{"loc":{"start":{"line":207,"column":12},"end":{"line":207,"column":56}},"type":"binary-expr","locations":[{"start":{"line":207,"column":12},"end":{"line":207,"column":19}},{"start":{"line":207,"column":23},"end":{"line":207,"column":56}}]},"39":{"loc":{"start":{"line":208,"column":8},"end":{"line":213,"column":9}},"type":"if","locations":[{"start":{"line":208,"column":8},"end":{"line":213,"column":9}}]},"40":{"loc":{"start":{"line":211,"column":10},"end":{"line":211,"column":56}},"type":"if","locations":[{"start":{"line":211,"column":10},"end":{"line":211,"column":56}}]},"41":{"loc":{"start":{"line":211,"column":14},"end":{"line":211,"column":29}},"type":"binary-expr","locations":[{"start":{"line":211,"column":14},"end":{"line":211,"column":19}},{"start":{"line":211,"column":23},"end":{"line":211,"column":29}}]},"42":{"loc":{"start":{"line":222,"column":4},"end":{"line":222,"column":44}},"type":"if","locations":[{"start":{"line":222,"column":4},"end":{"line":222,"column":44}}]},"43":{"loc":{"start":{"line":227,"column":4},"end":{"line":227,"column":44}},"type":"if","locations":[{"start":{"line":227,"column":4},"end":{"line":227,"column":44}}]}},"s":{"0":2,"1":2,"2":2,"3":2,"4":2,"5":10,"6":1,"7":2,"8":1,"9":1,"10":1,"11":0,"12":1,"13":1,"14":1,"15":0,"16":3,"17":3,"18":1,"19":2,"20":1,"21":1,"22":1,"23":0,"24":0,"25":0,"26":0,"27":1,"28":1,"29":1,"30":1,"31":1,"32":1,"33":0,"34":0,"35":0,"36":0,"37":0,"38":0,"39":0,"40":0,"41":0,"42":0,"43":0,"44":0,"45":0,"46":0,"47":0,"48":0,"49":0,"50":0,"51":0,"52":0,"53":0,"54":0,"55":0,"56":0,"57":0,"58":0,"59":0,"60":0,"61":0,"62":0,"63":0,"64":0,"65":0,"66":0,"67":0,"68":0,"69":0,"70":3,"71":3,"72":1,"73":2,"74":1,"75":1,"76":2,"77":1,"78":1,"79":1,"80":1,"81":1,"82":1,"83":0,"84":1,"85":1,"86":1,"87":1,"88":1,"89":0,"90":0,"91":0,"92":0,"93":0,"94":0,"95":0,"96":0,"97":0,"98":0,"99":0,"100":0,"101":0,"102":0,"103":0,"104":0,"105":0,"106":0,"107":0,"108":0,"109":0,"110":0,"111":0,"112":0,"113":0,"114":0,"115":1,"116":0,"117":1,"118":3,"119":0,"120":3,"121":2,"122":2},"f":{"0":10,"1":1,"2":2,"3":1,"4":1,"5":3,"6":1,"7":1,"8":0,"9":0,"10":0,"11":0,"12":3,"13":2,"14":1,"15":1,"16":3},"b":{"0":[1],"1":[0],"2":[1],"3":[1],"4":[2,2],"5":[1],"6":[0],"7":[1,1],"8":[0],"9":[0,0],"10":[0],"11":[0,0],"12":[0],"13":[0],"14":[0,0],"15":[0],"16":[0,0],"17":[0],"18":[0],"19":[0,0],"20":[1],"21":[1],"22":[1],"23":[1],"24":[0],"25":[1],"26":[1,1,1,1,1,1,1,1,1],"27":[1],"28":[1,1],"29":[0],"30":[0,0,0,0],"31":[0],"32":[0,0],"33":[0],"34":[0,0],"35":[0],"36":[0,0,0,0,0,0,0,0],"37":[0],"38":[0,0],"39":[0],"40":[0],"41":[0,0],"42":[0],"43":[0]}}
}
