TN:
SF:src/app.service.ts
FN:29,(anonymous_2)
FN:76,(anonymous_3)
FN:78,(anonymous_4)
FN:82,(anonymous_5)
FN:86,(anonymous_6)
FN:90,(anonymous_7)
FN:92,(anonymous_8)
FN:95,(anonymous_9)
FN:98,(anonymous_10)
FN:104,(anonymous_11)
FN:114,(anonymous_12)
FN:134,(anonymous_13)
FN:154,(anonymous_14)
FN:185,(anonymous_15)
FN:202,(anonymous_16)
FN:205,(anonymous_17)
FN:209,(anonymous_18)
FN:213,(anonymous_19)
FN:214,(anonymous_20)
FN:225,(anonymous_21)
FN:228,(anonymous_22)
FN:235,(anonymous_23)
FN:250,(anonymous_24)
FN:264,(anonymous_25)
FN:267,(anonymous_26)
FN:279,(anonymous_27)
FN:292,(anonymous_28)
FN:298,(anonymous_29)
FNF:28
FNH:20
FNDA:8,(anonymous_2)
FNDA:1,(anonymous_3)
FNDA:1,(anonymous_4)
FNDA:1,(anonymous_5)
FNDA:1,(anonymous_6)
FNDA:0,(anonymous_7)
FNDA:0,(anonymous_8)
FNDA:0,(anonymous_9)
FNDA:0,(anonymous_10)
FNDA:0,(anonymous_11)
FNDA:0,(anonymous_12)
FNDA:2,(anonymous_13)
FNDA:0,(anonymous_14)
FNDA:1,(anonymous_15)
FNDA:2,(anonymous_16)
FNDA:7,(anonymous_17)
FNDA:0,(anonymous_18)
FNDA:1,(anonymous_19)
FNDA:6,(anonymous_20)
FNDA:10,(anonymous_21)
FNDA:6,(anonymous_22)
FNDA:2,(anonymous_23)
FNDA:2,(anonymous_24)
FNDA:1,(anonymous_25)
FNDA:2,(anonymous_26)
FNDA:2,(anonymous_27)
FNDA:8,(anonymous_28)
FNDA:16,(anonymous_29)
DA:1,1
DA:3,1
DA:4,1
DA:5,1
DA:28,1
DA:30,8
DA:31,8
DA:32,8
DA:35,8
DA:36,8
DA:37,8
DA:40,8
DA:59,8
DA:67,8
DA:77,1
DA:78,1
DA:79,1
DA:83,1
DA:87,1
DA:91,0
DA:92,0
DA:96,0
DA:97,0
DA:98,0
DA:100,0
DA:101,0
DA:102,0
DA:105,0
DA:106,0
DA:119,0
DA:125,0
DA:126,0
DA:128,0
DA:131,0
DA:135,2
DA:136,2
DA:137,1
DA:139,1
DA:140,1
DA:141,1
DA:149,0
DA:151,1
DA:160,0
DA:161,0
DA:162,0
DA:164,0
DA:170,0
DA:171,0
DA:180,0
DA:182,0
DA:186,1
DA:188,1
DA:189,1
DA:190,1
DA:193,1
DA:194,1
DA:196,0
DA:199,1
DA:203,2
DA:204,2
DA:205,7
DA:210,0
DA:214,1
DA:215,6
DA:216,6
DA:218,6
DA:225,10
DA:229,6
DA:230,1
DA:232,5
DA:236,2
DA:251,2
DA:265,1
DA:266,1
DA:267,1
DA:268,2
DA:269,2
DA:279,1
DA:280,2
DA:281,1
DA:283,1
DA:284,1
DA:286,1
DA:289,1
DA:293,8
DA:294,6
DA:295,0
DA:299,16
DA:300,16
LF:89
LH:62
BRDA:38,0,0,8
BRDA:38,0,1,8
BRDA:38,0,2,8
BRDA:108,1,0,0
BRDA:108,1,1,0
BRDA:136,2,0,1
BRDA:161,3,0,0
BRDA:188,4,0,1
BRDA:205,5,0,7
BRDA:205,5,1,6
BRDA:205,5,2,6
BRDA:213,6,0,1
BRDA:215,7,0,6
BRDA:215,7,1,0
BRDA:229,8,0,1
BRDA:237,9,0,2
BRDA:237,9,1,0
BRDA:243,10,0,2
BRDA:243,10,1,0
BRDA:252,11,0,2
BRDA:252,11,1,0
BRDA:268,12,0,2
BRDA:268,12,1,0
BRDA:280,13,0,1
BRDA:280,13,1,1
BRDA:280,14,0,2
BRDA:280,14,1,1
BRDA:283,15,0,1
BRDA:293,16,0,2
BRDA:294,17,0,6
BRDA:300,18,0,0
BRDA:300,18,1,16
BRDA:300,19,0,16
BRDA:300,19,1,0
BRF:34
BRH:24
end_of_record
TN:
SF:src/auth/keycloak-admin.service.ts
FN:26,(anonymous_1)
FN:44,(anonymous_2)
FN:80,(anonymous_3)
FN:106,(anonymous_4)
FN:129,(anonymous_5)
FN:138,(anonymous_6)
FN:165,(anonymous_7)
FN:172,(anonymous_8)
FN:176,(anonymous_9)
FN:178,(anonymous_10)
FN:179,(anonymous_11)
FNF:11
FNH:6
FNDA:6,(anonymous_1)
FNDA:2,(anonymous_2)
FNDA:2,(anonymous_3)
FNDA:1,(anonymous_4)
FNDA:1,(anonymous_5)
FNDA:5,(anonymous_6)
FNDA:0,(anonymous_7)
FNDA:0,(anonymous_8)
FNDA:0,(anonymous_9)
FNDA:0,(anonymous_10)
FNDA:0,(anonymous_11)
DA:1,1
DA:2,1
DA:22,1
DA:27,6
DA:28,0
DA:31,6
DA:32,6
DA:33,6
DA:34,6
DA:36,6
DA:37,1
DA:40,5
DA:41,5
DA:45,2
DA:46,1
DA:47,1
DA:48,1
DA:50,1
DA:67,1
DA:72,1
DA:73,0
DA:74,0
DA:75,0
DA:76,0
DA:81,2
DA:82,2
DA:83,2
DA:84,2
DA:85,2
DA:86,2
DA:88,2
DA:92,2
DA:93,0
DA:94,0
DA:95,0
DA:96,0
DA:99,2
DA:100,2
DA:101,1
DA:103,1
DA:107,1
DA:108,1
DA:109,1
DA:110,1
DA:111,1
DA:113,1
DA:117,1
DA:118,0
DA:119,0
DA:120,0
DA:121,0
DA:124,1
DA:125,1
DA:126,0
DA:129,1
DA:139,5
DA:140,5
DA:146,5
DA:153,5
DA:154,0
DA:157,5
DA:158,5
DA:159,1
DA:162,4
DA:171,0
DA:173,0
DA:177,0
DA:178,0
DA:179,0
DA:180,0
DA:189,0
DA:190,0
DA:191,0
DA:193,0
LF:74
LH:49
BRDA:27,0,0,0
BRDA:27,1,0,6
BRDA:27,1,1,0
BRDA:32,2,0,6
BRDA:32,2,1,6
BRDA:36,3,0,1
BRDA:36,4,0,6
BRDA:36,4,1,5
BRDA:36,4,2,5
BRDA:52,5,0,1
BRDA:52,5,1,0
BRDA:53,6,0,1
BRDA:53,6,1,1
BRDA:54,7,0,1
BRDA:54,7,1,1
BRDA:57,8,0,0
BRDA:57,8,1,1
BRDA:72,9,0,0
BRDA:72,10,0,1
BRDA:72,10,1,1
BRDA:73,11,0,0
BRDA:73,11,1,0
BRDA:92,12,0,0
BRDA:92,13,0,2
BRDA:92,13,1,2
BRDA:93,14,0,0
BRDA:93,14,1,0
BRDA:99,15,0,2
BRDA:99,15,1,0
BRDA:100,16,0,1
BRDA:100,17,0,2
BRDA:100,17,1,2
BRDA:117,18,0,0
BRDA:117,19,0,1
BRDA:117,19,1,1
BRDA:118,20,0,0
BRDA:118,20,1,0
BRDA:124,21,0,1
BRDA:124,21,1,0
BRDA:125,22,0,0
BRDA:153,23,0,0
BRDA:153,24,0,5
BRDA:153,24,1,5
BRDA:157,25,0,5
BRDA:157,25,1,0
BRDA:158,26,0,1
BRDA:181,27,0,0
BRDA:181,27,1,0
BRDA:190,28,0,0
BRF:49
BRH:28
end_of_record
TN:
SF:src/auth/keycloak-auth.service.ts
FN:19,(anonymous_1)
FN:36,(anonymous_2)
FN:63,(anonymous_3)
FN:70,(anonymous_4)
FN:74,(anonymous_5)
FN:76,(anonymous_6)
FN:77,(anonymous_7)
FNF:7
FNH:2
FNDA:3,(anonymous_1)
FNDA:3,(anonymous_2)
FNDA:0,(anonymous_3)
FNDA:0,(anonymous_4)
FNDA:0,(anonymous_5)
FNDA:0,(anonymous_6)
FNDA:0,(anonymous_7)
DA:1,1
DA:2,1
DA:15,1
DA:20,3
DA:21,0
DA:24,3
DA:25,3
DA:26,3
DA:28,3
DA:29,1
DA:32,2
DA:33,2
DA:37,3
DA:39,2
DA:46,2
DA:53,2
DA:54,1
DA:55,1
DA:56,1
DA:57,1
DA:60,1
DA:69,0
DA:71,0
DA:75,0
DA:76,0
DA:77,0
DA:78,0
DA:87,0
DA:88,0
DA:89,0
DA:91,0
LF:31
LH:20
BRDA:20,0,0,0
BRDA:20,1,0,3
BRDA:20,1,1,0
BRDA:25,2,0,3
BRDA:25,2,1,3
BRDA:28,3,0,1
BRDA:28,4,0,3
BRDA:28,4,1,2
BRDA:53,5,0,1
BRDA:53,6,0,2
BRDA:53,6,1,2
BRDA:54,7,0,1
BRDA:54,7,1,0
BRDA:60,8,0,1
BRDA:60,8,1,0
BRDA:79,9,0,0
BRDA:79,9,1,0
BRDA:88,10,0,0
BRF:18
BRH:11
end_of_record
TN:
SF:src/booklists/booklists.service.ts
FN:22,(anonymous_4)
FN:27,(anonymous_5)
FN:39,(anonymous_6)
FN:43,(anonymous_7)
FN:51,(anonymous_8)
FN:65,(anonymous_9)
FN:78,(anonymous_10)
FN:82,(anonymous_11)
FNF:8
FNH:6
FNDA:5,(anonymous_4)
FNDA:1,(anonymous_5)
FNDA:0,(anonymous_6)
FNDA:1,(anonymous_7)
FNDA:2,(anonymous_8)
FNDA:1,(anonymous_9)
FNDA:0,(anonymous_10)
FNDA:2,(anonymous_11)
DA:1,1
DA:2,1
DA:3,1
DA:4,1
DA:5,1
DA:21,1
DA:23,5
DA:24,5
DA:28,1
DA:36,1
DA:40,0
DA:44,1
DA:45,0
DA:52,2
DA:53,2
DA:54,1
DA:55,1
DA:66,1
DA:74,1
DA:75,1
DA:79,0
DA:83,2
DA:84,2
DA:85,1
DA:87,1
DA:88,1
DA:89,1
LF:27
LH:24
BRDA:32,0,0,1
BRDA:32,0,1,1
BRDA:44,1,0,1
BRDA:51,2,0,2
BRDA:53,3,0,1
BRDA:70,4,0,1
BRDA:70,4,1,1
BRDA:84,5,0,1
BRDA:84,6,0,2
BRDA:84,6,1,2
BRF:10
BRH:10
end_of_record
TN:
SF:src/comments/comments.service.ts
FN:15,(anonymous_4)
FN:17,(anonymous_5)
FN:27,(anonymous_6)
FN:32,(anonymous_7)
FNF:4
FNH:4
FNDA:3,(anonymous_4)
FNDA:1,(anonymous_5)
FNDA:1,(anonymous_6)
FNDA:2,(anonymous_7)
DA:1,2
DA:2,2
DA:3,2
DA:4,2
DA:14,2
DA:15,3
DA:18,1
DA:24,1
DA:28,1
DA:29,0
DA:33,2
DA:34,1
LF:12
LH:11
BRDA:28,0,0,1
BRDA:33,1,0,1
BRF:2
BRH:2
end_of_record
TN:
SF:src/friends/friends.service.ts
FN:8,(anonymous_4)
FN:10,(anonymous_5)
FN:15,(anonymous_6)
FNF:3
FNH:3
FNDA:3,(anonymous_4)
FNDA:2,(anonymous_5)
FNDA:2,(anonymous_6)
DA:1,1
DA:2,1
DA:3,1
DA:4,1
DA:7,1
DA:8,3
DA:11,2
DA:12,1
DA:16,2
DA:17,1
DA:18,1
LF:11
LH:11
BRDA:11,0,0,1
BRDA:16,1,0,1
BRDA:16,2,0,2
BRDA:16,2,1,1
BRF:4
BRH:4
end_of_record
TN:
SF:src/notifications/notifications.service.ts
FN:16,(anonymous_4)
FN:21,(anonymous_5)
FN:33,(anonymous_6)
FN:43,(anonymous_7)
FNF:4
FNH:4
FNDA:4,(anonymous_4)
FNDA:1,(anonymous_5)
FNDA:2,(anonymous_6)
FNDA:2,(anonymous_7)
DA:1,1
DA:2,1
DA:3,1
DA:4,1
DA:15,1
DA:18,4
DA:22,1
DA:30,1
DA:34,2
DA:35,1
DA:44,2
DA:45,1
LF:12
LH:12
BRDA:33,0,0,1
BRDA:34,1,0,1
BRDA:44,2,0,1
BRDA:44,3,0,2
BRDA:44,3,1,1
BRF:5
BRH:5
end_of_record
TN:
SF:src/profiles/profiles.service.ts
FN:8,(anonymous_4)
FN:10,(anonymous_5)
FN:15,(anonymous_6)
FNF:3
FNH:3
FNDA:3,(anonymous_4)
FNDA:2,(anonymous_5)
FNDA:2,(anonymous_6)
DA:1,1
DA:2,1
DA:3,1
DA:4,1
DA:7,1
DA:8,3
DA:11,2
DA:12,1
DA:16,2
DA:17,1
DA:25,1
LF:11
LH:11
BRDA:11,0,0,1
BRDA:16,1,0,1
BRF:2
BRH:2
end_of_record
TN:
SF:src/queue/queue.service.ts
FN:22,(anonymous_1)
FN:41,(anonymous_2)
FN:48,(anonymous_3)
FN:57,(anonymous_4)
FN:66,(anonymous_5)
FN:70,(anonymous_6)
FN:74,(anonymous_7)
FN:78,(anonymous_8)
FN:97,(anonymous_9)
FN:106,(anonymous_10)
FN:108,(anonymous_11)
FN:111,(anonymous_12)
FN:114,(anonymous_13)
FN:117,(anonymous_14)
FN:120,(anonymous_15)
FN:125,(anonymous_16)
FNF:16
FNH:4
FNDA:3,(anonymous_1)
FNDA:0,(anonymous_2)
FNDA:0,(anonymous_3)
FNDA:0,(anonymous_4)
FNDA:1,(anonymous_5)
FNDA:0,(anonymous_6)
FNDA:0,(anonymous_7)
FNDA:0,(anonymous_8)
FNDA:1,(anonymous_9)
FNDA:0,(anonymous_10)
FNDA:0,(anonymous_11)
FNDA:0,(anonymous_12)
FNDA:0,(anonymous_13)
FNDA:0,(anonymous_14)
FNDA:0,(anonymous_15)
FNDA:2,(anonymous_16)
DA:1,2
DA:2,2
DA:22,2
DA:23,3
DA:24,3
DA:25,3
DA:27,3
DA:28,3
DA:35,3
DA:42,0
DA:49,0
DA:50,0
DA:51,0
DA:53,0
DA:58,0
DA:59,0
DA:60,0
DA:62,0
DA:67,1
DA:71,0
DA:75,0
DA:79,0
DA:80,0
DA:81,0
DA:82,0
DA:83,0
DA:84,0
DA:85,0
DA:86,0
DA:87,0
DA:88,0
DA:89,0
DA:90,0
DA:91,0
DA:92,0
DA:93,0
DA:94,0
DA:98,1
DA:99,1
DA:100,1
DA:102,0
DA:103,0
DA:107,0
DA:108,0
DA:109,0
DA:111,0
DA:112,0
DA:114,0
DA:115,0
DA:117,0
DA:118,0
DA:120,0
DA:121,0
DA:126,2
DA:127,2
DA:128,2
DA:129,1
DA:130,1
DA:132,1
DA:133,1
LF:60
LH:20
BRDA:43,0,0,0
BRDA:43,0,1,0
BRDA:79,1,0,0
BRDA:98,2,0,1
BRDA:107,3,0,0
BRDA:126,4,0,0
BRDA:126,5,0,2
BRDA:126,5,1,2
BRF:8
BRH:3
end_of_record
TN:
SF:src/reviews/reviews.service.ts
FN:23,(anonymous_4)
FN:25,(anonymous_5)
FN:29,(anonymous_6)
FN:34,(anonymous_7)
FN:39,(anonymous_8)
FN:44,(anonymous_9)
FN:65,(anonymous_10)
FN:81,(anonymous_11)
FN:94,(anonymous_12)
FN:96,(anonymous_13)
FN:115,(anonymous_14)
FN:117,(anonymous_15)
FN:140,(anonymous_16)
FN:147,(anonymous_17)
FN:157,(anonymous_18)
FN:221,(anonymous_19)
FN:226,(anonymous_20)
FNF:17
FNH:13
FNDA:10,(anonymous_4)
FNDA:1,(anonymous_5)
FNDA:2,(anonymous_6)
FNDA:1,(anonymous_7)
FNDA:1,(anonymous_8)
FNDA:3,(anonymous_9)
FNDA:1,(anonymous_10)
FNDA:1,(anonymous_11)
FNDA:0,(anonymous_12)
FNDA:0,(anonymous_13)
FNDA:0,(anonymous_14)
FNDA:0,(anonymous_15)
FNDA:3,(anonymous_16)
FNDA:2,(anonymous_17)
FNDA:1,(anonymous_18)
FNDA:1,(anonymous_19)
FNDA:3,(anonymous_20)
DA:1,2
DA:2,2
DA:3,2
DA:4,2
DA:22,2
DA:23,10
DA:26,1
DA:30,2
DA:31,1
DA:35,1
DA:36,1
DA:40,1
DA:41,0
DA:46,3
DA:47,3
DA:49,1
DA:52,2
DA:53,1
DA:56,1
DA:57,1
DA:60,0
DA:61,0
DA:62,0
DA:66,1
DA:68,1
DA:78,1
DA:82,1
DA:87,1
DA:91,1
DA:95,0
DA:96,0
DA:98,0
DA:99,0
DA:100,0
DA:101,0
DA:102,0
DA:103,0
DA:104,0
DA:105,0
DA:106,0
DA:107,0
DA:109,0
DA:111,0
DA:116,0
DA:117,0
DA:119,0
DA:120,0
DA:125,0
DA:126,0
DA:127,0
DA:128,0
DA:129,0
DA:130,0
DA:131,0
DA:132,0
DA:134,0
DA:136,0
DA:141,3
DA:142,3
DA:143,2
DA:144,1
DA:148,2
DA:149,1
DA:150,1
DA:151,1
DA:154,1
DA:158,1
DA:159,1
DA:162,1
DA:173,1
DA:174,1
DA:175,1
DA:176,0
DA:180,0
DA:186,0
DA:187,0
DA:188,0
DA:189,0
DA:193,0
DA:194,0
DA:195,0
DA:196,0
DA:197,0
DA:198,0
DA:200,0
DA:202,0
DA:206,0
DA:207,0
DA:208,0
DA:209,0
DA:210,0
DA:211,0
DA:212,0
DA:214,0
DA:218,0
DA:222,1
DA:223,1
DA:227,3
DA:228,3
LF:99
LH:44
BRDA:30,0,0,1
BRDA:35,1,0,0
BRDA:40,2,0,1
BRDA:52,3,0,1
BRDA:52,4,0,2
BRDA:52,4,1,2
BRDA:56,5,0,1
BRDA:61,6,0,0
BRDA:74,7,0,1
BRDA:74,7,1,1
BRDA:100,8,0,0
BRDA:100,9,0,0
BRDA:100,9,1,0
BRDA:102,10,0,0
BRDA:102,11,0,0
BRDA:102,11,1,0
BRDA:104,12,0,0
BRDA:106,13,0,0
BRDA:107,14,0,0
BRDA:107,14,1,0
BRDA:126,15,0,0
BRDA:126,16,0,0
BRDA:126,16,1,0
BRDA:129,17,0,0
BRDA:131,18,0,0
BRDA:132,19,0,0
BRDA:132,19,1,0
BRDA:142,20,0,1
BRDA:143,21,0,1
BRDA:148,22,0,1
BRDA:150,23,0,1
BRDA:159,24,0,0
BRDA:162,25,0,1
BRDA:163,26,0,1
BRDA:163,26,1,1
BRDA:163,26,2,1
BRDA:163,26,3,1
BRDA:163,26,4,1
BRDA:163,26,5,1
BRDA:163,26,6,1
BRDA:163,26,7,1
BRDA:163,26,8,1
BRDA:175,27,0,1
BRDA:175,28,0,1
BRDA:175,28,1,1
BRDA:180,29,0,0
BRDA:181,30,0,0
BRDA:181,30,1,0
BRDA:181,30,2,0
BRDA:181,30,3,0
BRDA:188,31,0,0
BRDA:188,32,0,0
BRDA:188,32,1,0
BRDA:193,33,0,0
BRDA:193,34,0,0
BRDA:193,34,1,0
BRDA:196,35,0,0
BRDA:202,36,0,0
BRDA:202,36,1,0
BRDA:202,36,2,0
BRDA:202,36,3,0
BRDA:202,36,4,0
BRDA:202,36,5,0
BRDA:202,36,6,0
BRDA:202,36,7,0
BRDA:207,37,0,0
BRDA:207,38,0,0
BRDA:207,38,1,0
BRDA:208,39,0,0
BRDA:211,40,0,0
BRDA:211,41,0,0
BRDA:211,41,1,0
BRDA:222,42,0,0
BRDA:227,43,0,0
BRF:74
BRH:25
end_of_record
